[2021-07-30T17:56:50.950] [ERROR] error - TypeError: Cannot read property 'path' of undefined
    at /Users/levicoo/Desktop/blog/server/routes/upload.js:46:41
    at dispatch (/Users/levicoo/Desktop/blog/server/node_modules/koa-router/node_modules/koa-compose/index.js:44:32)
    at next (/Users/levicoo/Desktop/blog/server/node_modules/koa-router/node_modules/koa-compose/index.js:45:18)
    at /Users/levicoo/Desktop/blog/server/node_modules/koa-router/lib/router.js:346:16
    at dispatch (/Users/levicoo/Desktop/blog/server/node_modules/koa-router/node_modules/koa-compose/index.js:44:32)
    at next (/Users/levicoo/Desktop/blog/server/node_modules/koa-router/node_modules/koa-compose/index.js:45:18)
    at allowedMethods (/Users/levicoo/Desktop/blog/server/node_modules/koa-router/lib/router.js:407:12)
    at dispatch (/Users/levicoo/Desktop/blog/server/node_modules/koa-router/node_modules/koa-compose/index.js:44:32)
    at next (/Users/levicoo/Desktop/blog/server/node_modules/koa-router/node_modules/koa-compose/index.js:45:18)
    at /Users/levicoo/Desktop/blog/server/node_modules/koa-router/lib/router.js:346:16
    at dispatch (/Users/levicoo/Desktop/blog/server/node_modules/koa-router/node_modules/koa-compose/index.js:44:32)
    at next (/Users/levicoo/Desktop/blog/server/node_modules/koa-router/node_modules/koa-compose/index.js:45:18)
    at allowedMethods (/Users/levicoo/Desktop/blog/server/node_modules/koa-router/lib/router.js:407:12)
    at dispatch (/Users/levicoo/Desktop/blog/server/node_modules/koa-router/node_modules/koa-compose/index.js:44:32)
    at next (/Users/levicoo/Desktop/blog/server/node_modules/koa-router/node_modules/koa-compose/index.js:45:18)
    at /Users/levicoo/Desktop/blog/server/node_modules/koa-router/lib/router.js:346:16
    at dispatch (/Users/levicoo/Desktop/blog/server/node_modules/koa-router/node_modules/koa-compose/index.js:44:32)
    at next (/Users/levicoo/Desktop/blog/server/node_modules/koa-router/node_modules/koa-compose/index.js:45:18)
    at allowedMethods (/Users/levicoo/Desktop/blog/server/node_modules/koa-router/lib/router.js:407:12)
    at dispatch (/Users/levicoo/Desktop/blog/server/node_modules/koa-router/node_modules/koa-compose/index.js:44:32)
    at next (/Users/levicoo/Desktop/blog/server/node_modules/koa-router/node_modules/koa-compose/index.js:45:18)
    at /Users/levicoo/Desktop/blog/server/node_modules/koa-router/lib/router.js:346:16
[2021-07-30T17:59:56.085] [ERROR] error - TypeError: Cannot read property 'path' of undefined
    at /Users/levicoo/Desktop/blog/server/routes/upload.js:46:41
    at dispatch (/Users/levicoo/Desktop/blog/server/node_modules/koa-router/node_modules/koa-compose/index.js:44:32)
    at next (/Users/levicoo/Desktop/blog/server/node_modules/koa-router/node_modules/koa-compose/index.js:45:18)
    at /Users/levicoo/Desktop/blog/server/node_modules/koa-router/lib/router.js:346:16
    at dispatch (/Users/levicoo/Desktop/blog/server/node_modules/koa-router/node_modules/koa-compose/index.js:44:32)
    at next (/Users/levicoo/Desktop/blog/server/node_modules/koa-router/node_modules/koa-compose/index.js:45:18)
    at allowedMethods (/Users/levicoo/Desktop/blog/server/node_modules/koa-router/lib/router.js:407:12)
    at dispatch (/Users/levicoo/Desktop/blog/server/node_modules/koa-router/node_modules/koa-compose/index.js:44:32)
    at next (/Users/levicoo/Desktop/blog/server/node_modules/koa-router/node_modules/koa-compose/index.js:45:18)
    at /Users/levicoo/Desktop/blog/server/node_modules/koa-router/lib/router.js:346:16
    at dispatch (/Users/levicoo/Desktop/blog/server/node_modules/koa-router/node_modules/koa-compose/index.js:44:32)
    at next (/Users/levicoo/Desktop/blog/server/node_modules/koa-router/node_modules/koa-compose/index.js:45:18)
    at allowedMethods (/Users/levicoo/Desktop/blog/server/node_modules/koa-router/lib/router.js:407:12)
    at dispatch (/Users/levicoo/Desktop/blog/server/node_modules/koa-router/node_modules/koa-compose/index.js:44:32)
    at next (/Users/levicoo/Desktop/blog/server/node_modules/koa-router/node_modules/koa-compose/index.js:45:18)
    at /Users/levicoo/Desktop/blog/server/node_modules/koa-router/lib/router.js:346:16
    at dispatch (/Users/levicoo/Desktop/blog/server/node_modules/koa-router/node_modules/koa-compose/index.js:44:32)
    at next (/Users/levicoo/Desktop/blog/server/node_modules/koa-router/node_modules/koa-compose/index.js:45:18)
    at allowedMethods (/Users/levicoo/Desktop/blog/server/node_modules/koa-router/lib/router.js:407:12)
    at dispatch (/Users/levicoo/Desktop/blog/server/node_modules/koa-router/node_modules/koa-compose/index.js:44:32)
    at next (/Users/levicoo/Desktop/blog/server/node_modules/koa-router/node_modules/koa-compose/index.js:45:18)
    at /Users/levicoo/Desktop/blog/server/node_modules/koa-router/lib/router.js:346:16
[2021-07-30T18:00:44.081] [ERROR] error - TypeError: Cannot read property 'path' of undefined
    at /Users/levicoo/Desktop/blog/server/routes/upload.js:46:41
    at dispatch (/Users/levicoo/Desktop/blog/server/node_modules/koa-router/node_modules/koa-compose/index.js:44:32)
    at next (/Users/levicoo/Desktop/blog/server/node_modules/koa-router/node_modules/koa-compose/index.js:45:18)
    at /Users/levicoo/Desktop/blog/server/node_modules/koa-router/lib/router.js:346:16
    at dispatch (/Users/levicoo/Desktop/blog/server/node_modules/koa-router/node_modules/koa-compose/index.js:44:32)
    at next (/Users/levicoo/Desktop/blog/server/node_modules/koa-router/node_modules/koa-compose/index.js:45:18)
    at allowedMethods (/Users/levicoo/Desktop/blog/server/node_modules/koa-router/lib/router.js:407:12)
    at dispatch (/Users/levicoo/Desktop/blog/server/node_modules/koa-router/node_modules/koa-compose/index.js:44:32)
    at next (/Users/levicoo/Desktop/blog/server/node_modules/koa-router/node_modules/koa-compose/index.js:45:18)
    at /Users/levicoo/Desktop/blog/server/node_modules/koa-router/lib/router.js:346:16
    at dispatch (/Users/levicoo/Desktop/blog/server/node_modules/koa-router/node_modules/koa-compose/index.js:44:32)
    at next (/Users/levicoo/Desktop/blog/server/node_modules/koa-router/node_modules/koa-compose/index.js:45:18)
    at allowedMethods (/Users/levicoo/Desktop/blog/server/node_modules/koa-router/lib/router.js:407:12)
    at dispatch (/Users/levicoo/Desktop/blog/server/node_modules/koa-router/node_modules/koa-compose/index.js:44:32)
    at next (/Users/levicoo/Desktop/blog/server/node_modules/koa-router/node_modules/koa-compose/index.js:45:18)
    at /Users/levicoo/Desktop/blog/server/node_modules/koa-router/lib/router.js:346:16
    at dispatch (/Users/levicoo/Desktop/blog/server/node_modules/koa-router/node_modules/koa-compose/index.js:44:32)
    at next (/Users/levicoo/Desktop/blog/server/node_modules/koa-router/node_modules/koa-compose/index.js:45:18)
    at allowedMethods (/Users/levicoo/Desktop/blog/server/node_modules/koa-router/lib/router.js:407:12)
    at dispatch (/Users/levicoo/Desktop/blog/server/node_modules/koa-router/node_modules/koa-compose/index.js:44:32)
    at next (/Users/levicoo/Desktop/blog/server/node_modules/koa-router/node_modules/koa-compose/index.js:45:18)
    at /Users/levicoo/Desktop/blog/server/node_modules/koa-router/lib/router.js:346:16
[2021-07-30T18:10:27.415] [ERROR] error - UnsupportedMediaTypeError: specified encoding unsupported
    at getDecoder (/Users/levicoo/Desktop/blog/server/node_modules/raw-body/index.js:51:11)
    at readStream (/Users/levicoo/Desktop/blog/server/node_modules/raw-body/index.js:180:15)
    at executor (/Users/levicoo/Desktop/blog/server/node_modules/raw-body/index.js:112:5)
    at new Promise (<anonymous>)
    at getRawBody (/Users/levicoo/Desktop/blog/server/node_modules/raw-body/index.js:111:10)
    at /Users/levicoo/Desktop/blog/server/node_modules/koa-body/node_modules/co-body/lib/json.js:41:14
    at processTicksAndRejections (node:internal/process/task_queues:96:5)
    at async serve (/Users/levicoo/Desktop/blog/server/node_modules/koa-static/index.js:53:9)
    at async logger (/Users/levicoo/Desktop/blog/server/node_modules/koa-logger/index.js:67:7)
    at async cors (/Users/levicoo/Desktop/blog/server/node_modules/@koa/cors/index.js:98:16)
[2021-07-30T18:10:46.869] [ERROR] error - UnsupportedMediaTypeError: specified encoding unsupported
    at getDecoder (/Users/levicoo/Desktop/blog/server/node_modules/raw-body/index.js:51:11)
    at readStream (/Users/levicoo/Desktop/blog/server/node_modules/raw-body/index.js:180:15)
    at executor (/Users/levicoo/Desktop/blog/server/node_modules/raw-body/index.js:112:5)
    at new Promise (<anonymous>)
    at getRawBody (/Users/levicoo/Desktop/blog/server/node_modules/raw-body/index.js:111:10)
    at /Users/levicoo/Desktop/blog/server/node_modules/koa-body/node_modules/co-body/lib/json.js:41:14
    at processTicksAndRejections (node:internal/process/task_queues:96:5)
    at async serve (/Users/levicoo/Desktop/blog/server/node_modules/koa-static/index.js:53:9)
    at async logger (/Users/levicoo/Desktop/blog/server/node_modules/koa-logger/index.js:67:7)
    at async cors (/Users/levicoo/Desktop/blog/server/node_modules/@koa/cors/index.js:98:16)
[2021-07-30T18:11:32.886] [ERROR] error - UnsupportedMediaTypeError: specified encoding unsupported
    at getDecoder (/Users/levicoo/Desktop/blog/server/node_modules/raw-body/index.js:51:11)
    at readStream (/Users/levicoo/Desktop/blog/server/node_modules/raw-body/index.js:180:15)
    at executor (/Users/levicoo/Desktop/blog/server/node_modules/raw-body/index.js:112:5)
    at new Promise (<anonymous>)
    at getRawBody (/Users/levicoo/Desktop/blog/server/node_modules/raw-body/index.js:111:10)
    at /Users/levicoo/Desktop/blog/server/node_modules/koa-body/node_modules/co-body/lib/json.js:41:14
    at processTicksAndRejections (node:internal/process/task_queues:96:5)
    at async serve (/Users/levicoo/Desktop/blog/server/node_modules/koa-static/index.js:53:9)
    at async logger (/Users/levicoo/Desktop/blog/server/node_modules/koa-logger/index.js:67:7)
    at async cors (/Users/levicoo/Desktop/blog/server/node_modules/@koa/cors/index.js:98:16)
[2021-07-30T18:12:23.083] [ERROR] error - UnsupportedMediaTypeError: specified encoding unsupported
    at getDecoder (/Users/levicoo/Desktop/blog/server/node_modules/raw-body/index.js:51:11)
    at readStream (/Users/levicoo/Desktop/blog/server/node_modules/raw-body/index.js:180:15)
    at executor (/Users/levicoo/Desktop/blog/server/node_modules/raw-body/index.js:112:5)
    at new Promise (<anonymous>)
    at getRawBody (/Users/levicoo/Desktop/blog/server/node_modules/raw-body/index.js:111:10)
    at /Users/levicoo/Desktop/blog/server/node_modules/koa-body/node_modules/co-body/lib/json.js:41:14
    at processTicksAndRejections (node:internal/process/task_queues:96:5)
    at async serve (/Users/levicoo/Desktop/blog/server/node_modules/koa-static/index.js:53:9)
    at async logger (/Users/levicoo/Desktop/blog/server/node_modules/koa-logger/index.js:67:7)
    at async cors (/Users/levicoo/Desktop/blog/server/node_modules/@koa/cors/index.js:98:16)
[2021-07-30T18:13:37.664] [ERROR] error - UnsupportedMediaTypeError: specified encoding unsupported
    at getDecoder (/Users/levicoo/Desktop/blog/server/node_modules/raw-body/index.js:51:11)
    at readStream (/Users/levicoo/Desktop/blog/server/node_modules/raw-body/index.js:180:15)
    at executor (/Users/levicoo/Desktop/blog/server/node_modules/raw-body/index.js:112:5)
    at new Promise (<anonymous>)
    at getRawBody (/Users/levicoo/Desktop/blog/server/node_modules/raw-body/index.js:111:10)
    at /Users/levicoo/Desktop/blog/server/node_modules/koa-body/node_modules/co-body/lib/json.js:41:14
    at processTicksAndRejections (node:internal/process/task_queues:96:5)
    at async serve (/Users/levicoo/Desktop/blog/server/node_modules/koa-static/index.js:53:9)
    at async logger (/Users/levicoo/Desktop/blog/server/node_modules/koa-logger/index.js:67:7)
    at async cors (/Users/levicoo/Desktop/blog/server/node_modules/@koa/cors/index.js:98:16)
[2021-07-30T18:14:14.438] [ERROR] error - UnsupportedMediaTypeError: specified encoding unsupported
    at getDecoder (/Users/levicoo/Desktop/blog/server/node_modules/raw-body/index.js:51:11)
    at readStream (/Users/levicoo/Desktop/blog/server/node_modules/raw-body/index.js:180:15)
    at executor (/Users/levicoo/Desktop/blog/server/node_modules/raw-body/index.js:112:5)
    at new Promise (<anonymous>)
    at getRawBody (/Users/levicoo/Desktop/blog/server/node_modules/raw-body/index.js:111:10)
    at /Users/levicoo/Desktop/blog/server/node_modules/koa-body/node_modules/co-body/lib/json.js:41:14
    at processTicksAndRejections (node:internal/process/task_queues:96:5)
    at async serve (/Users/levicoo/Desktop/blog/server/node_modules/koa-static/index.js:53:9)
    at async logger (/Users/levicoo/Desktop/blog/server/node_modules/koa-logger/index.js:67:7)
    at async cors (/Users/levicoo/Desktop/blog/server/node_modules/@koa/cors/index.js:98:16)
[2021-07-30T18:18:44.132] [ERROR] error - UnsupportedMediaTypeError: specified encoding unsupported
    at getDecoder (/Users/levicoo/Desktop/blog/server/node_modules/raw-body/index.js:51:11)
    at readStream (/Users/levicoo/Desktop/blog/server/node_modules/raw-body/index.js:180:15)
    at executor (/Users/levicoo/Desktop/blog/server/node_modules/raw-body/index.js:112:5)
    at new Promise (<anonymous>)
    at getRawBody (/Users/levicoo/Desktop/blog/server/node_modules/raw-body/index.js:111:10)
    at /Users/levicoo/Desktop/blog/server/node_modules/koa-body/node_modules/co-body/lib/form.js:42:14
    at processTicksAndRejections (node:internal/process/task_queues:96:5)
    at async serve (/Users/levicoo/Desktop/blog/server/node_modules/koa-static/index.js:53:9)
    at async logger (/Users/levicoo/Desktop/blog/server/node_modules/koa-logger/index.js:67:7)
    at async cors (/Users/levicoo/Desktop/blog/server/node_modules/@koa/cors/index.js:98:16)
[2021-07-30T18:18:52.608] [ERROR] error - UnsupportedMediaTypeError: specified encoding unsupported
    at getDecoder (/Users/levicoo/Desktop/blog/server/node_modules/raw-body/index.js:51:11)
    at readStream (/Users/levicoo/Desktop/blog/server/node_modules/raw-body/index.js:180:15)
    at executor (/Users/levicoo/Desktop/blog/server/node_modules/raw-body/index.js:112:5)
    at new Promise (<anonymous>)
    at getRawBody (/Users/levicoo/Desktop/blog/server/node_modules/raw-body/index.js:111:10)
    at /Users/levicoo/Desktop/blog/server/node_modules/koa-body/node_modules/co-body/lib/form.js:42:14
    at processTicksAndRejections (node:internal/process/task_queues:96:5)
    at async serve (/Users/levicoo/Desktop/blog/server/node_modules/koa-static/index.js:53:9)
    at async logger (/Users/levicoo/Desktop/blog/server/node_modules/koa-logger/index.js:67:7)
    at async cors (/Users/levicoo/Desktop/blog/server/node_modules/@koa/cors/index.js:98:16)
[2021-07-30T18:19:46.626] [ERROR] error - UnsupportedMediaTypeError: specified encoding unsupported
    at getDecoder (/Users/levicoo/Desktop/blog/server/node_modules/raw-body/index.js:51:11)
    at readStream (/Users/levicoo/Desktop/blog/server/node_modules/raw-body/index.js:180:15)
    at executor (/Users/levicoo/Desktop/blog/server/node_modules/raw-body/index.js:112:5)
    at new Promise (<anonymous>)
    at getRawBody (/Users/levicoo/Desktop/blog/server/node_modules/raw-body/index.js:111:10)
    at /Users/levicoo/Desktop/blog/server/node_modules/koa-body/node_modules/co-body/lib/form.js:42:14
    at processTicksAndRejections (node:internal/process/task_queues:96:5)
    at async serve (/Users/levicoo/Desktop/blog/server/node_modules/koa-static/index.js:53:9)
    at async logger (/Users/levicoo/Desktop/blog/server/node_modules/koa-logger/index.js:67:7)
    at async cors (/Users/levicoo/Desktop/blog/server/node_modules/@koa/cors/index.js:98:16)
[2021-07-30T18:23:28.463] [ERROR] error - UnsupportedMediaTypeError: specified encoding unsupported
    at getDecoder (/Users/levicoo/Desktop/blog/server/node_modules/raw-body/index.js:51:11)
    at readStream (/Users/levicoo/Desktop/blog/server/node_modules/raw-body/index.js:180:15)
    at executor (/Users/levicoo/Desktop/blog/server/node_modules/raw-body/index.js:112:5)
    at new Promise (<anonymous>)
    at getRawBody (/Users/levicoo/Desktop/blog/server/node_modules/raw-body/index.js:111:10)
    at /Users/levicoo/Desktop/blog/server/node_modules/koa-body/node_modules/co-body/lib/json.js:41:14
    at processTicksAndRejections (node:internal/process/task_queues:96:5)
    at async serve (/Users/levicoo/Desktop/blog/server/node_modules/koa-static/index.js:53:9)
    at async logger (/Users/levicoo/Desktop/blog/server/node_modules/koa-logger/index.js:67:7)
    at async cors (/Users/levicoo/Desktop/blog/server/node_modules/@koa/cors/index.js:98:16)
[2021-07-30T18:23:41.358] [ERROR] error - UnsupportedMediaTypeError: specified encoding unsupported
    at getDecoder (/Users/levicoo/Desktop/blog/server/node_modules/raw-body/index.js:51:11)
    at readStream (/Users/levicoo/Desktop/blog/server/node_modules/raw-body/index.js:180:15)
    at executor (/Users/levicoo/Desktop/blog/server/node_modules/raw-body/index.js:112:5)
    at new Promise (<anonymous>)
    at getRawBody (/Users/levicoo/Desktop/blog/server/node_modules/raw-body/index.js:111:10)
    at /Users/levicoo/Desktop/blog/server/node_modules/koa-body/node_modules/co-body/lib/json.js:41:14
    at processTicksAndRejections (node:internal/process/task_queues:96:5)
    at async serve (/Users/levicoo/Desktop/blog/server/node_modules/koa-static/index.js:53:9)
    at async logger (/Users/levicoo/Desktop/blog/server/node_modules/koa-logger/index.js:67:7)
    at async cors (/Users/levicoo/Desktop/blog/server/node_modules/@koa/cors/index.js:98:16)
[2021-07-30T18:26:44.729] [ERROR] error - UnsupportedMediaTypeError: specified encoding unsupported
    at getDecoder (/Users/levicoo/Desktop/blog/server/node_modules/raw-body/index.js:51:11)
    at readStream (/Users/levicoo/Desktop/blog/server/node_modules/raw-body/index.js:180:15)
    at executor (/Users/levicoo/Desktop/blog/server/node_modules/raw-body/index.js:112:5)
    at new Promise (<anonymous>)
    at getRawBody (/Users/levicoo/Desktop/blog/server/node_modules/raw-body/index.js:111:10)
    at /Users/levicoo/Desktop/blog/server/node_modules/koa-body/node_modules/co-body/lib/json.js:41:14
    at processTicksAndRejections (node:internal/process/task_queues:96:5)
    at async serve (/Users/levicoo/Desktop/blog/server/node_modules/koa-static/index.js:53:9)
    at async logger (/Users/levicoo/Desktop/blog/server/node_modules/koa-logger/index.js:67:7)
    at async cors (/Users/levicoo/Desktop/blog/server/node_modules/@koa/cors/index.js:98:16)
[2021-07-30T18:27:26.893] [ERROR] error - UnsupportedMediaTypeError: specified encoding unsupported
    at getDecoder (/Users/levicoo/Desktop/blog/server/node_modules/raw-body/index.js:51:11)
    at readStream (/Users/levicoo/Desktop/blog/server/node_modules/raw-body/index.js:180:15)
    at executor (/Users/levicoo/Desktop/blog/server/node_modules/raw-body/index.js:112:5)
    at new Promise (<anonymous>)
    at getRawBody (/Users/levicoo/Desktop/blog/server/node_modules/raw-body/index.js:111:10)
    at /Users/levicoo/Desktop/blog/server/node_modules/koa-body/node_modules/co-body/lib/json.js:41:14
    at processTicksAndRejections (node:internal/process/task_queues:96:5)
    at async serve (/Users/levicoo/Desktop/blog/server/node_modules/koa-static/index.js:53:9)
    at async logger (/Users/levicoo/Desktop/blog/server/node_modules/koa-logger/index.js:67:7)
    at async cors (/Users/levicoo/Desktop/blog/server/node_modules/@koa/cors/index.js:98:16)
[2021-07-30T18:28:29.915] [ERROR] error - UnsupportedMediaTypeError: specified encoding unsupported
    at getDecoder (/Users/levicoo/Desktop/blog/server/node_modules/raw-body/index.js:51:11)
    at readStream (/Users/levicoo/Desktop/blog/server/node_modules/raw-body/index.js:180:15)
    at executor (/Users/levicoo/Desktop/blog/server/node_modules/raw-body/index.js:112:5)
    at new Promise (<anonymous>)
    at getRawBody (/Users/levicoo/Desktop/blog/server/node_modules/raw-body/index.js:111:10)
    at /Users/levicoo/Desktop/blog/server/node_modules/koa-body/node_modules/co-body/lib/json.js:41:14
    at processTicksAndRejections (node:internal/process/task_queues:96:5)
    at async serve (/Users/levicoo/Desktop/blog/server/node_modules/koa-static/index.js:53:9)
    at async logger (/Users/levicoo/Desktop/blog/server/node_modules/koa-logger/index.js:67:7)
    at async cors (/Users/levicoo/Desktop/blog/server/node_modules/@koa/cors/index.js:98:16)
[2021-07-30T18:31:43.584] [ERROR] error - UnsupportedMediaTypeError: specified encoding unsupported
    at getDecoder (/Users/levicoo/Desktop/blog/server/node_modules/raw-body/index.js:51:11)
    at readStream (/Users/levicoo/Desktop/blog/server/node_modules/raw-body/index.js:180:15)
    at executor (/Users/levicoo/Desktop/blog/server/node_modules/raw-body/index.js:112:5)
    at new Promise (<anonymous>)
    at getRawBody (/Users/levicoo/Desktop/blog/server/node_modules/raw-body/index.js:111:10)
    at /Users/levicoo/Desktop/blog/server/node_modules/koa-body/node_modules/co-body/lib/json.js:41:14
    at processTicksAndRejections (node:internal/process/task_queues:96:5)
    at async serve (/Users/levicoo/Desktop/blog/server/node_modules/koa-static/index.js:53:9)
    at async logger (/Users/levicoo/Desktop/blog/server/node_modules/koa-logger/index.js:67:7)
    at async cors (/Users/levicoo/Desktop/blog/server/node_modules/@koa/cors/index.js:98:16)
[2021-07-30T18:31:58.702] [ERROR] error - UnsupportedMediaTypeError: specified encoding unsupported
    at getDecoder (/Users/levicoo/Desktop/blog/server/node_modules/raw-body/index.js:51:11)
    at readStream (/Users/levicoo/Desktop/blog/server/node_modules/raw-body/index.js:180:15)
    at executor (/Users/levicoo/Desktop/blog/server/node_modules/raw-body/index.js:112:5)
    at new Promise (<anonymous>)
    at getRawBody (/Users/levicoo/Desktop/blog/server/node_modules/raw-body/index.js:111:10)
    at /Users/levicoo/Desktop/blog/server/node_modules/koa-body/node_modules/co-body/lib/json.js:41:14
    at processTicksAndRejections (node:internal/process/task_queues:96:5)
    at async serve (/Users/levicoo/Desktop/blog/server/node_modules/koa-static/index.js:53:9)
    at async logger (/Users/levicoo/Desktop/blog/server/node_modules/koa-logger/index.js:67:7)
    at async cors (/Users/levicoo/Desktop/blog/server/node_modules/@koa/cors/index.js:98:16)
[2021-07-30T18:32:28.407] [ERROR] error - UnsupportedMediaTypeError: specified encoding unsupported
    at getDecoder (/Users/levicoo/Desktop/blog/server/node_modules/raw-body/index.js:51:11)
    at readStream (/Users/levicoo/Desktop/blog/server/node_modules/raw-body/index.js:180:15)
    at executor (/Users/levicoo/Desktop/blog/server/node_modules/raw-body/index.js:112:5)
    at new Promise (<anonymous>)
    at getRawBody (/Users/levicoo/Desktop/blog/server/node_modules/raw-body/index.js:111:10)
    at /Users/levicoo/Desktop/blog/server/node_modules/koa-body/node_modules/co-body/lib/form.js:42:14
    at processTicksAndRejections (node:internal/process/task_queues:96:5)
    at async serve (/Users/levicoo/Desktop/blog/server/node_modules/koa-static/index.js:53:9)
    at async logger (/Users/levicoo/Desktop/blog/server/node_modules/koa-logger/index.js:67:7)
    at async cors (/Users/levicoo/Desktop/blog/server/node_modules/@koa/cors/index.js:98:16)
[2021-07-30T18:35:16.931] [ERROR] error - UnsupportedMediaTypeError: specified encoding unsupported
    at getDecoder (/Users/levicoo/Desktop/blog/server/node_modules/raw-body/index.js:51:11)
    at readStream (/Users/levicoo/Desktop/blog/server/node_modules/raw-body/index.js:180:15)
    at executor (/Users/levicoo/Desktop/blog/server/node_modules/raw-body/index.js:112:5)
    at new Promise (<anonymous>)
    at getRawBody (/Users/levicoo/Desktop/blog/server/node_modules/raw-body/index.js:111:10)
    at /Users/levicoo/Desktop/blog/server/node_modules/koa-body/node_modules/co-body/lib/json.js:41:14
    at processTicksAndRejections (node:internal/process/task_queues:96:5)
    at async serve (/Users/levicoo/Desktop/blog/server/node_modules/koa-static/index.js:53:9)
    at async logger (/Users/levicoo/Desktop/blog/server/node_modules/koa-logger/index.js:67:7)
    at async cors (/Users/levicoo/Desktop/blog/server/node_modules/@koa/cors/index.js:98:16)
[2021-07-30T18:49:08.274] [ERROR] error - UnsupportedMediaTypeError: specified encoding unsupported
    at getDecoder (/Users/levicoo/Desktop/blog/server/node_modules/raw-body/index.js:51:11)
    at readStream (/Users/levicoo/Desktop/blog/server/node_modules/raw-body/index.js:180:15)
    at executor (/Users/levicoo/Desktop/blog/server/node_modules/raw-body/index.js:112:5)
    at new Promise (<anonymous>)
    at getRawBody (/Users/levicoo/Desktop/blog/server/node_modules/raw-body/index.js:111:10)
    at /Users/levicoo/Desktop/blog/server/node_modules/koa-body/node_modules/co-body/lib/json.js:41:14
    at processTicksAndRejections (node:internal/process/task_queues:96:5)
    at async serve (/Users/levicoo/Desktop/blog/server/node_modules/koa-static/index.js:53:9)
    at async logger (/Users/levicoo/Desktop/blog/server/node_modules/koa-logger/index.js:67:7)
    at async cors (/Users/levicoo/Desktop/blog/server/node_modules/@koa/cors/index.js:98:16)
[2021-07-30T18:50:55.149] [ERROR] error - UnsupportedMediaTypeError: specified encoding unsupported
    at getDecoder (/Users/levicoo/Desktop/blog/server/node_modules/raw-body/index.js:51:11)
    at readStream (/Users/levicoo/Desktop/blog/server/node_modules/raw-body/index.js:180:15)
    at executor (/Users/levicoo/Desktop/blog/server/node_modules/raw-body/index.js:112:5)
    at new Promise (<anonymous>)
    at getRawBody (/Users/levicoo/Desktop/blog/server/node_modules/raw-body/index.js:111:10)
    at /Users/levicoo/Desktop/blog/server/node_modules/koa-body/node_modules/co-body/lib/json.js:41:14
    at processTicksAndRejections (node:internal/process/task_queues:96:5)
    at async serve (/Users/levicoo/Desktop/blog/server/node_modules/koa-static/index.js:53:9)
    at async logger (/Users/levicoo/Desktop/blog/server/node_modules/koa-logger/index.js:67:7)
    at async cors (/Users/levicoo/Desktop/blog/server/node_modules/@koa/cors/index.js:98:16)
[2021-07-30T18:51:56.290] [ERROR] error - UnsupportedMediaTypeError: specified encoding unsupported
    at getDecoder (/Users/levicoo/Desktop/blog/server/node_modules/raw-body/index.js:51:11)
    at readStream (/Users/levicoo/Desktop/blog/server/node_modules/raw-body/index.js:180:15)
    at executor (/Users/levicoo/Desktop/blog/server/node_modules/raw-body/index.js:112:5)
    at new Promise (<anonymous>)
    at getRawBody (/Users/levicoo/Desktop/blog/server/node_modules/raw-body/index.js:111:10)
    at /Users/levicoo/Desktop/blog/server/node_modules/koa-body/node_modules/co-body/lib/json.js:41:14
    at processTicksAndRejections (node:internal/process/task_queues:96:5)
    at async serve (/Users/levicoo/Desktop/blog/server/node_modules/koa-static/index.js:53:9)
    at async logger (/Users/levicoo/Desktop/blog/server/node_modules/koa-logger/index.js:67:7)
    at async cors (/Users/levicoo/Desktop/blog/server/node_modules/@koa/cors/index.js:98:16)
[2021-07-30T18:56:11.493] [ERROR] error - TypeError: Cannot read property 'path' of undefined
    at /Users/levicoo/Desktop/blog/server/routes/upload.js:45:41
    at dispatch (/Users/levicoo/Desktop/blog/server/node_modules/koa-router/node_modules/koa-compose/index.js:44:32)
    at next (/Users/levicoo/Desktop/blog/server/node_modules/koa-router/node_modules/koa-compose/index.js:45:18)
    at /Users/levicoo/Desktop/blog/server/node_modules/koa-router/lib/router.js:346:16
    at dispatch (/Users/levicoo/Desktop/blog/server/node_modules/koa-router/node_modules/koa-compose/index.js:44:32)
    at next (/Users/levicoo/Desktop/blog/server/node_modules/koa-router/node_modules/koa-compose/index.js:45:18)
    at allowedMethods (/Users/levicoo/Desktop/blog/server/node_modules/koa-router/lib/router.js:407:12)
    at dispatch (/Users/levicoo/Desktop/blog/server/node_modules/koa-router/node_modules/koa-compose/index.js:44:32)
    at next (/Users/levicoo/Desktop/blog/server/node_modules/koa-router/node_modules/koa-compose/index.js:45:18)
    at /Users/levicoo/Desktop/blog/server/node_modules/koa-router/lib/router.js:346:16
    at dispatch (/Users/levicoo/Desktop/blog/server/node_modules/koa-router/node_modules/koa-compose/index.js:44:32)
    at next (/Users/levicoo/Desktop/blog/server/node_modules/koa-router/node_modules/koa-compose/index.js:45:18)
    at allowedMethods (/Users/levicoo/Desktop/blog/server/node_modules/koa-router/lib/router.js:407:12)
    at dispatch (/Users/levicoo/Desktop/blog/server/node_modules/koa-router/node_modules/koa-compose/index.js:44:32)
    at next (/Users/levicoo/Desktop/blog/server/node_modules/koa-router/node_modules/koa-compose/index.js:45:18)
    at /Users/levicoo/Desktop/blog/server/node_modules/koa-router/lib/router.js:346:16
    at dispatch (/Users/levicoo/Desktop/blog/server/node_modules/koa-router/node_modules/koa-compose/index.js:44:32)
    at next (/Users/levicoo/Desktop/blog/server/node_modules/koa-router/node_modules/koa-compose/index.js:45:18)
    at allowedMethods (/Users/levicoo/Desktop/blog/server/node_modules/koa-router/lib/router.js:407:12)
    at dispatch (/Users/levicoo/Desktop/blog/server/node_modules/koa-router/node_modules/koa-compose/index.js:44:32)
    at next (/Users/levicoo/Desktop/blog/server/node_modules/koa-router/node_modules/koa-compose/index.js:45:18)
    at /Users/levicoo/Desktop/blog/server/node_modules/koa-router/lib/router.js:346:16
[2021-07-30T18:56:25.102] [ERROR] error - TypeError: Cannot read property 'path' of undefined
    at /Users/levicoo/Desktop/blog/server/routes/upload.js:45:41
    at dispatch (/Users/levicoo/Desktop/blog/server/node_modules/koa-router/node_modules/koa-compose/index.js:44:32)
    at next (/Users/levicoo/Desktop/blog/server/node_modules/koa-router/node_modules/koa-compose/index.js:45:18)
    at /Users/levicoo/Desktop/blog/server/node_modules/koa-router/lib/router.js:346:16
    at dispatch (/Users/levicoo/Desktop/blog/server/node_modules/koa-router/node_modules/koa-compose/index.js:44:32)
    at next (/Users/levicoo/Desktop/blog/server/node_modules/koa-router/node_modules/koa-compose/index.js:45:18)
    at allowedMethods (/Users/levicoo/Desktop/blog/server/node_modules/koa-router/lib/router.js:407:12)
    at dispatch (/Users/levicoo/Desktop/blog/server/node_modules/koa-router/node_modules/koa-compose/index.js:44:32)
    at next (/Users/levicoo/Desktop/blog/server/node_modules/koa-router/node_modules/koa-compose/index.js:45:18)
    at /Users/levicoo/Desktop/blog/server/node_modules/koa-router/lib/router.js:346:16
    at dispatch (/Users/levicoo/Desktop/blog/server/node_modules/koa-router/node_modules/koa-compose/index.js:44:32)
    at next (/Users/levicoo/Desktop/blog/server/node_modules/koa-router/node_modules/koa-compose/index.js:45:18)
    at allowedMethods (/Users/levicoo/Desktop/blog/server/node_modules/koa-router/lib/router.js:407:12)
    at dispatch (/Users/levicoo/Desktop/blog/server/node_modules/koa-router/node_modules/koa-compose/index.js:44:32)
    at next (/Users/levicoo/Desktop/blog/server/node_modules/koa-router/node_modules/koa-compose/index.js:45:18)
    at /Users/levicoo/Desktop/blog/server/node_modules/koa-router/lib/router.js:346:16
    at dispatch (/Users/levicoo/Desktop/blog/server/node_modules/koa-router/node_modules/koa-compose/index.js:44:32)
    at next (/Users/levicoo/Desktop/blog/server/node_modules/koa-router/node_modules/koa-compose/index.js:45:18)
    at allowedMethods (/Users/levicoo/Desktop/blog/server/node_modules/koa-router/lib/router.js:407:12)
    at dispatch (/Users/levicoo/Desktop/blog/server/node_modules/koa-router/node_modules/koa-compose/index.js:44:32)
    at next (/Users/levicoo/Desktop/blog/server/node_modules/koa-router/node_modules/koa-compose/index.js:45:18)
    at /Users/levicoo/Desktop/blog/server/node_modules/koa-router/lib/router.js:346:16
[2021-07-30T18:57:33.245] [ERROR] error - ReferenceError: util is not defined
    at /Users/levicoo/Desktop/blog/server/routes/upload.js:47:16
    at dispatch (/Users/levicoo/Desktop/blog/server/node_modules/koa-router/node_modules/koa-compose/index.js:44:32)
    at next (/Users/levicoo/Desktop/blog/server/node_modules/koa-router/node_modules/koa-compose/index.js:45:18)
    at /Users/levicoo/Desktop/blog/server/node_modules/koa-router/lib/router.js:346:16
    at dispatch (/Users/levicoo/Desktop/blog/server/node_modules/koa-router/node_modules/koa-compose/index.js:44:32)
    at next (/Users/levicoo/Desktop/blog/server/node_modules/koa-router/node_modules/koa-compose/index.js:45:18)
    at allowedMethods (/Users/levicoo/Desktop/blog/server/node_modules/koa-router/lib/router.js:407:12)
    at dispatch (/Users/levicoo/Desktop/blog/server/node_modules/koa-router/node_modules/koa-compose/index.js:44:32)
    at next (/Users/levicoo/Desktop/blog/server/node_modules/koa-router/node_modules/koa-compose/index.js:45:18)
    at /Users/levicoo/Desktop/blog/server/node_modules/koa-router/lib/router.js:346:16
    at dispatch (/Users/levicoo/Desktop/blog/server/node_modules/koa-router/node_modules/koa-compose/index.js:44:32)
    at next (/Users/levicoo/Desktop/blog/server/node_modules/koa-router/node_modules/koa-compose/index.js:45:18)
    at allowedMethods (/Users/levicoo/Desktop/blog/server/node_modules/koa-router/lib/router.js:407:12)
    at dispatch (/Users/levicoo/Desktop/blog/server/node_modules/koa-router/node_modules/koa-compose/index.js:44:32)
    at next (/Users/levicoo/Desktop/blog/server/node_modules/koa-router/node_modules/koa-compose/index.js:45:18)
    at /Users/levicoo/Desktop/blog/server/node_modules/koa-router/lib/router.js:346:16
    at dispatch (/Users/levicoo/Desktop/blog/server/node_modules/koa-router/node_modules/koa-compose/index.js:44:32)
    at next (/Users/levicoo/Desktop/blog/server/node_modules/koa-router/node_modules/koa-compose/index.js:45:18)
    at allowedMethods (/Users/levicoo/Desktop/blog/server/node_modules/koa-router/lib/router.js:407:12)
    at dispatch (/Users/levicoo/Desktop/blog/server/node_modules/koa-router/node_modules/koa-compose/index.js:44:32)
    at next (/Users/levicoo/Desktop/blog/server/node_modules/koa-router/node_modules/koa-compose/index.js:45:18)
    at /Users/levicoo/Desktop/blog/server/node_modules/koa-router/lib/router.js:346:16
[2021-07-30T18:57:53.199] [ERROR] error - ReferenceError: res is not defined
    at /Users/levicoo/Desktop/blog/server/routes/upload.js:48:29
    at dispatch (/Users/levicoo/Desktop/blog/server/node_modules/koa-router/node_modules/koa-compose/index.js:44:32)
    at next (/Users/levicoo/Desktop/blog/server/node_modules/koa-router/node_modules/koa-compose/index.js:45:18)
    at /Users/levicoo/Desktop/blog/server/node_modules/koa-router/lib/router.js:346:16
    at dispatch (/Users/levicoo/Desktop/blog/server/node_modules/koa-router/node_modules/koa-compose/index.js:44:32)
    at next (/Users/levicoo/Desktop/blog/server/node_modules/koa-router/node_modules/koa-compose/index.js:45:18)
    at allowedMethods (/Users/levicoo/Desktop/blog/server/node_modules/koa-router/lib/router.js:407:12)
    at dispatch (/Users/levicoo/Desktop/blog/server/node_modules/koa-router/node_modules/koa-compose/index.js:44:32)
    at next (/Users/levicoo/Desktop/blog/server/node_modules/koa-router/node_modules/koa-compose/index.js:45:18)
    at /Users/levicoo/Desktop/blog/server/node_modules/koa-router/lib/router.js:346:16
    at dispatch (/Users/levicoo/Desktop/blog/server/node_modules/koa-router/node_modules/koa-compose/index.js:44:32)
    at next (/Users/levicoo/Desktop/blog/server/node_modules/koa-router/node_modules/koa-compose/index.js:45:18)
    at allowedMethods (/Users/levicoo/Desktop/blog/server/node_modules/koa-router/lib/router.js:407:12)
    at dispatch (/Users/levicoo/Desktop/blog/server/node_modules/koa-router/node_modules/koa-compose/index.js:44:32)
    at next (/Users/levicoo/Desktop/blog/server/node_modules/koa-router/node_modules/koa-compose/index.js:45:18)
    at /Users/levicoo/Desktop/blog/server/node_modules/koa-router/lib/router.js:346:16
    at dispatch (/Users/levicoo/Desktop/blog/server/node_modules/koa-router/node_modules/koa-compose/index.js:44:32)
    at next (/Users/levicoo/Desktop/blog/server/node_modules/koa-router/node_modules/koa-compose/index.js:45:18)
    at allowedMethods (/Users/levicoo/Desktop/blog/server/node_modules/koa-router/lib/router.js:407:12)
    at dispatch (/Users/levicoo/Desktop/blog/server/node_modules/koa-router/node_modules/koa-compose/index.js:44:32)
    at next (/Users/levicoo/Desktop/blog/server/node_modules/koa-router/node_modules/koa-compose/index.js:45:18)
    at /Users/levicoo/Desktop/blog/server/node_modules/koa-router/lib/router.js:346:16
[2021-07-30T19:00:13.164] [ERROR] error - UnsupportedMediaTypeError: specified encoding unsupported
    at getDecoder (/Users/levicoo/Desktop/blog/server/node_modules/raw-body/index.js:51:11)
    at readStream (/Users/levicoo/Desktop/blog/server/node_modules/raw-body/index.js:180:15)
    at executor (/Users/levicoo/Desktop/blog/server/node_modules/raw-body/index.js:112:5)
    at new Promise (<anonymous>)
    at getRawBody (/Users/levicoo/Desktop/blog/server/node_modules/raw-body/index.js:111:10)
    at /Users/levicoo/Desktop/blog/server/node_modules/koa-body/node_modules/co-body/lib/json.js:41:14
    at processTicksAndRejections (node:internal/process/task_queues:96:5)
    at async serve (/Users/levicoo/Desktop/blog/server/node_modules/koa-static/index.js:53:9)
    at async logger (/Users/levicoo/Desktop/blog/server/node_modules/koa-logger/index.js:67:7)
    at async cors (/Users/levicoo/Desktop/blog/server/node_modules/@koa/cors/index.js:98:16)
[2021-07-30T19:00:50.001] [ERROR] error - UnsupportedMediaTypeError: specified encoding unsupported
    at getDecoder (/Users/levicoo/Desktop/blog/server/node_modules/raw-body/index.js:51:11)
    at readStream (/Users/levicoo/Desktop/blog/server/node_modules/raw-body/index.js:180:15)
    at executor (/Users/levicoo/Desktop/blog/server/node_modules/raw-body/index.js:112:5)
    at new Promise (<anonymous>)
    at getRawBody (/Users/levicoo/Desktop/blog/server/node_modules/raw-body/index.js:111:10)
    at /Users/levicoo/Desktop/blog/server/node_modules/koa-body/node_modules/co-body/lib/json.js:41:14
    at processTicksAndRejections (node:internal/process/task_queues:96:5)
    at async serve (/Users/levicoo/Desktop/blog/server/node_modules/koa-static/index.js:53:9)
    at async logger (/Users/levicoo/Desktop/blog/server/node_modules/koa-logger/index.js:67:7)
    at async cors (/Users/levicoo/Desktop/blog/server/node_modules/@koa/cors/index.js:98:16)
[2021-07-30T19:03:38.416] [ERROR] error - UnsupportedMediaTypeError: specified encoding unsupported
    at getDecoder (/Users/levicoo/Desktop/blog/server/node_modules/raw-body/index.js:51:11)
    at readStream (/Users/levicoo/Desktop/blog/server/node_modules/raw-body/index.js:180:15)
    at executor (/Users/levicoo/Desktop/blog/server/node_modules/raw-body/index.js:112:5)
    at new Promise (<anonymous>)
    at getRawBody (/Users/levicoo/Desktop/blog/server/node_modules/raw-body/index.js:111:10)
    at /Users/levicoo/Desktop/blog/server/node_modules/koa-body/node_modules/co-body/lib/json.js:41:14
    at processTicksAndRejections (node:internal/process/task_queues:96:5)
    at async serve (/Users/levicoo/Desktop/blog/server/node_modules/koa-static/index.js:53:9)
    at async logger (/Users/levicoo/Desktop/blog/server/node_modules/koa-logger/index.js:67:7)
    at async cors (/Users/levicoo/Desktop/blog/server/node_modules/@koa/cors/index.js:98:16)
[2021-07-30T19:07:35.475] [ERROR] error - UnsupportedMediaTypeError: specified encoding unsupported
    at getDecoder (/Users/levicoo/Desktop/blog/server/node_modules/raw-body/index.js:51:11)
    at readStream (/Users/levicoo/Desktop/blog/server/node_modules/raw-body/index.js:180:15)
    at executor (/Users/levicoo/Desktop/blog/server/node_modules/raw-body/index.js:112:5)
    at new Promise (<anonymous>)
    at getRawBody (/Users/levicoo/Desktop/blog/server/node_modules/raw-body/index.js:111:10)
    at /Users/levicoo/Desktop/blog/server/node_modules/koa-body/node_modules/co-body/lib/form.js:42:14
    at processTicksAndRejections (node:internal/process/task_queues:96:5)
    at async serve (/Users/levicoo/Desktop/blog/server/node_modules/koa-static/index.js:53:9)
    at async logger (/Users/levicoo/Desktop/blog/server/node_modules/koa-logger/index.js:67:7)
    at async cors (/Users/levicoo/Desktop/blog/server/node_modules/@koa/cors/index.js:98:16)
[2021-07-30T19:12:37.030] [ERROR] error - UnsupportedMediaTypeError: specified encoding unsupported
    at getDecoder (/Users/levicoo/Desktop/blog/server/node_modules/raw-body/index.js:51:11)
    at readStream (/Users/levicoo/Desktop/blog/server/node_modules/raw-body/index.js:180:15)
    at executor (/Users/levicoo/Desktop/blog/server/node_modules/raw-body/index.js:112:5)
    at new Promise (<anonymous>)
    at getRawBody (/Users/levicoo/Desktop/blog/server/node_modules/raw-body/index.js:111:10)
    at /Users/levicoo/Desktop/blog/server/node_modules/koa-body/node_modules/co-body/lib/json.js:41:14
    at processTicksAndRejections (node:internal/process/task_queues:96:5)
    at async serve (/Users/levicoo/Desktop/blog/server/node_modules/koa-static/index.js:53:9)
    at async logger (/Users/levicoo/Desktop/blog/server/node_modules/koa-logger/index.js:67:7)
    at async cors (/Users/levicoo/Desktop/blog/server/node_modules/@koa/cors/index.js:98:16)
[2021-07-30T19:13:53.043] [ERROR] error - UnsupportedMediaTypeError: specified encoding unsupported
    at getDecoder (/Users/levicoo/Desktop/blog/server/node_modules/raw-body/index.js:51:11)
    at readStream (/Users/levicoo/Desktop/blog/server/node_modules/raw-body/index.js:180:15)
    at executor (/Users/levicoo/Desktop/blog/server/node_modules/raw-body/index.js:112:5)
    at new Promise (<anonymous>)
    at getRawBody (/Users/levicoo/Desktop/blog/server/node_modules/raw-body/index.js:111:10)
    at /Users/levicoo/Desktop/blog/server/node_modules/koa-body/node_modules/co-body/lib/json.js:41:14
    at processTicksAndRejections (node:internal/process/task_queues:96:5)
    at async serve (/Users/levicoo/Desktop/blog/server/node_modules/koa-static/index.js:53:9)
    at async logger (/Users/levicoo/Desktop/blog/server/node_modules/koa-logger/index.js:67:7)
    at async cors (/Users/levicoo/Desktop/blog/server/node_modules/@koa/cors/index.js:98:16)
[2021-07-30T19:15:07.463] [ERROR] error - UnsupportedMediaTypeError: specified encoding unsupported
    at getDecoder (/Users/levicoo/Desktop/blog/server/node_modules/raw-body/index.js:51:11)
    at readStream (/Users/levicoo/Desktop/blog/server/node_modules/raw-body/index.js:180:15)
    at executor (/Users/levicoo/Desktop/blog/server/node_modules/raw-body/index.js:112:5)
    at new Promise (<anonymous>)
    at getRawBody (/Users/levicoo/Desktop/blog/server/node_modules/raw-body/index.js:111:10)
    at /Users/levicoo/Desktop/blog/server/node_modules/koa-body/node_modules/co-body/lib/json.js:41:14
    at processTicksAndRejections (node:internal/process/task_queues:96:5)
    at async serve (/Users/levicoo/Desktop/blog/server/node_modules/koa-static/index.js:53:9)
    at async logger (/Users/levicoo/Desktop/blog/server/node_modules/koa-logger/index.js:67:7)
    at async cors (/Users/levicoo/Desktop/blog/server/node_modules/@koa/cors/index.js:98:16)
[2021-07-30T19:16:37.759] [ERROR] error - UnsupportedMediaTypeError: specified encoding unsupported
    at getDecoder (/Users/levicoo/Desktop/blog/server/node_modules/raw-body/index.js:51:11)
    at readStream (/Users/levicoo/Desktop/blog/server/node_modules/raw-body/index.js:180:15)
    at executor (/Users/levicoo/Desktop/blog/server/node_modules/raw-body/index.js:112:5)
    at new Promise (<anonymous>)
    at getRawBody (/Users/levicoo/Desktop/blog/server/node_modules/raw-body/index.js:111:10)
    at /Users/levicoo/Desktop/blog/server/node_modules/koa-body/node_modules/co-body/lib/json.js:41:14
    at processTicksAndRejections (node:internal/process/task_queues:96:5)
    at async serve (/Users/levicoo/Desktop/blog/server/node_modules/koa-static/index.js:53:9)
    at async logger (/Users/levicoo/Desktop/blog/server/node_modules/koa-logger/index.js:67:7)
    at async cors (/Users/levicoo/Desktop/blog/server/node_modules/@koa/cors/index.js:98:16)
[2021-07-30T19:17:29.445] [ERROR] error - UnsupportedMediaTypeError: specified encoding unsupported
    at getDecoder (/Users/levicoo/Desktop/blog/server/node_modules/raw-body/index.js:51:11)
    at readStream (/Users/levicoo/Desktop/blog/server/node_modules/raw-body/index.js:180:15)
    at executor (/Users/levicoo/Desktop/blog/server/node_modules/raw-body/index.js:112:5)
    at new Promise (<anonymous>)
    at getRawBody (/Users/levicoo/Desktop/blog/server/node_modules/raw-body/index.js:111:10)
    at /Users/levicoo/Desktop/blog/server/node_modules/koa-body/node_modules/co-body/lib/json.js:41:14
    at processTicksAndRejections (node:internal/process/task_queues:96:5)
    at async serve (/Users/levicoo/Desktop/blog/server/node_modules/koa-static/index.js:53:9)
    at async logger (/Users/levicoo/Desktop/blog/server/node_modules/koa-logger/index.js:67:7)
    at async cors (/Users/levicoo/Desktop/blog/server/node_modules/@koa/cors/index.js:56:32)
[2021-07-30T19:17:54.125] [ERROR] error - UnsupportedMediaTypeError: specified encoding unsupported
    at getDecoder (/Users/levicoo/Desktop/blog/server/node_modules/raw-body/index.js:51:11)
    at readStream (/Users/levicoo/Desktop/blog/server/node_modules/raw-body/index.js:180:15)
    at executor (/Users/levicoo/Desktop/blog/server/node_modules/raw-body/index.js:112:5)
    at new Promise (<anonymous>)
    at getRawBody (/Users/levicoo/Desktop/blog/server/node_modules/raw-body/index.js:111:10)
    at /Users/levicoo/Desktop/blog/server/node_modules/koa-body/node_modules/co-body/lib/json.js:41:14
    at processTicksAndRejections (node:internal/process/task_queues:96:5)
    at async serve (/Users/levicoo/Desktop/blog/server/node_modules/koa-static/index.js:53:9)
    at async logger (/Users/levicoo/Desktop/blog/server/node_modules/koa-logger/index.js:67:7)
    at async cors (/Users/levicoo/Desktop/blog/server/node_modules/@koa/cors/index.js:98:16)
[2021-07-30T19:20:13.052] [ERROR] error - UnsupportedMediaTypeError: specified encoding unsupported
    at getDecoder (/Users/levicoo/Desktop/blog/server/node_modules/raw-body/index.js:51:11)
    at readStream (/Users/levicoo/Desktop/blog/server/node_modules/raw-body/index.js:180:15)
    at executor (/Users/levicoo/Desktop/blog/server/node_modules/raw-body/index.js:112:5)
    at new Promise (<anonymous>)
    at getRawBody (/Users/levicoo/Desktop/blog/server/node_modules/raw-body/index.js:111:10)
    at /Users/levicoo/Desktop/blog/server/node_modules/koa-body/node_modules/co-body/lib/json.js:41:14
    at processTicksAndRejections (node:internal/process/task_queues:96:5)
    at async serve (/Users/levicoo/Desktop/blog/server/node_modules/koa-static/index.js:53:9)
    at async logger (/Users/levicoo/Desktop/blog/server/node_modules/koa-logger/index.js:67:7)
    at async cors (/Users/levicoo/Desktop/blog/server/node_modules/@koa/cors/index.js:98:16)
[2021-07-30T19:23:43.827] [ERROR] error - UnsupportedMediaTypeError: specified encoding unsupported
    at getDecoder (/Users/levicoo/Desktop/blog/server/node_modules/raw-body/index.js:51:11)
    at readStream (/Users/levicoo/Desktop/blog/server/node_modules/raw-body/index.js:180:15)
    at executor (/Users/levicoo/Desktop/blog/server/node_modules/raw-body/index.js:112:5)
    at new Promise (<anonymous>)
    at getRawBody (/Users/levicoo/Desktop/blog/server/node_modules/raw-body/index.js:111:10)
    at /Users/levicoo/Desktop/blog/server/node_modules/koa-body/node_modules/co-body/lib/json.js:41:14
    at processTicksAndRejections (node:internal/process/task_queues:96:5)
    at async serve (/Users/levicoo/Desktop/blog/server/node_modules/koa-static/index.js:53:9)
    at async logger (/Users/levicoo/Desktop/blog/server/node_modules/koa-logger/index.js:67:7)
    at async cors (/Users/levicoo/Desktop/blog/server/node_modules/@koa/cors/index.js:98:16)
[2021-07-30T19:24:33.000] [ERROR] error - TypeError: Cannot read property 'path' of undefined
    at /Users/levicoo/Desktop/blog/server/routes/upload.js:46:41
    at dispatch (/Users/levicoo/Desktop/blog/server/node_modules/koa-router/node_modules/koa-compose/index.js:44:32)
    at next (/Users/levicoo/Desktop/blog/server/node_modules/koa-router/node_modules/koa-compose/index.js:45:18)
    at /Users/levicoo/Desktop/blog/server/node_modules/koa-router/lib/router.js:346:16
    at dispatch (/Users/levicoo/Desktop/blog/server/node_modules/koa-router/node_modules/koa-compose/index.js:44:32)
    at next (/Users/levicoo/Desktop/blog/server/node_modules/koa-router/node_modules/koa-compose/index.js:45:18)
    at allowedMethods (/Users/levicoo/Desktop/blog/server/node_modules/koa-router/lib/router.js:407:12)
    at dispatch (/Users/levicoo/Desktop/blog/server/node_modules/koa-router/node_modules/koa-compose/index.js:44:32)
    at next (/Users/levicoo/Desktop/blog/server/node_modules/koa-router/node_modules/koa-compose/index.js:45:18)
    at /Users/levicoo/Desktop/blog/server/node_modules/koa-router/lib/router.js:346:16
    at dispatch (/Users/levicoo/Desktop/blog/server/node_modules/koa-router/node_modules/koa-compose/index.js:44:32)
    at next (/Users/levicoo/Desktop/blog/server/node_modules/koa-router/node_modules/koa-compose/index.js:45:18)
    at allowedMethods (/Users/levicoo/Desktop/blog/server/node_modules/koa-router/lib/router.js:407:12)
    at dispatch (/Users/levicoo/Desktop/blog/server/node_modules/koa-router/node_modules/koa-compose/index.js:44:32)
    at next (/Users/levicoo/Desktop/blog/server/node_modules/koa-router/node_modules/koa-compose/index.js:45:18)
    at /Users/levicoo/Desktop/blog/server/node_modules/koa-router/lib/router.js:346:16
    at dispatch (/Users/levicoo/Desktop/blog/server/node_modules/koa-router/node_modules/koa-compose/index.js:44:32)
    at next (/Users/levicoo/Desktop/blog/server/node_modules/koa-router/node_modules/koa-compose/index.js:45:18)
    at allowedMethods (/Users/levicoo/Desktop/blog/server/node_modules/koa-router/lib/router.js:407:12)
    at dispatch (/Users/levicoo/Desktop/blog/server/node_modules/koa-router/node_modules/koa-compose/index.js:44:32)
    at next (/Users/levicoo/Desktop/blog/server/node_modules/koa-router/node_modules/koa-compose/index.js:45:18)
    at /Users/levicoo/Desktop/blog/server/node_modules/koa-router/lib/router.js:346:16
[2021-07-30T19:26:48.473] [ERROR] error - TypeError: Cannot read property 'path' of undefined
    at /Users/levicoo/Desktop/blog/server/routes/upload.js:46:41
    at dispatch (/Users/levicoo/Desktop/blog/server/node_modules/koa-router/node_modules/koa-compose/index.js:44:32)
    at next (/Users/levicoo/Desktop/blog/server/node_modules/koa-router/node_modules/koa-compose/index.js:45:18)
    at /Users/levicoo/Desktop/blog/server/node_modules/koa-router/lib/router.js:346:16
    at dispatch (/Users/levicoo/Desktop/blog/server/node_modules/koa-router/node_modules/koa-compose/index.js:44:32)
    at next (/Users/levicoo/Desktop/blog/server/node_modules/koa-router/node_modules/koa-compose/index.js:45:18)
    at allowedMethods (/Users/levicoo/Desktop/blog/server/node_modules/koa-router/lib/router.js:407:12)
    at dispatch (/Users/levicoo/Desktop/blog/server/node_modules/koa-router/node_modules/koa-compose/index.js:44:32)
    at next (/Users/levicoo/Desktop/blog/server/node_modules/koa-router/node_modules/koa-compose/index.js:45:18)
    at /Users/levicoo/Desktop/blog/server/node_modules/koa-router/lib/router.js:346:16
    at dispatch (/Users/levicoo/Desktop/blog/server/node_modules/koa-router/node_modules/koa-compose/index.js:44:32)
    at next (/Users/levicoo/Desktop/blog/server/node_modules/koa-router/node_modules/koa-compose/index.js:45:18)
    at allowedMethods (/Users/levicoo/Desktop/blog/server/node_modules/koa-router/lib/router.js:407:12)
    at dispatch (/Users/levicoo/Desktop/blog/server/node_modules/koa-router/node_modules/koa-compose/index.js:44:32)
    at next (/Users/levicoo/Desktop/blog/server/node_modules/koa-router/node_modules/koa-compose/index.js:45:18)
    at /Users/levicoo/Desktop/blog/server/node_modules/koa-router/lib/router.js:346:16
    at dispatch (/Users/levicoo/Desktop/blog/server/node_modules/koa-router/node_modules/koa-compose/index.js:44:32)
    at next (/Users/levicoo/Desktop/blog/server/node_modules/koa-router/node_modules/koa-compose/index.js:45:18)
    at allowedMethods (/Users/levicoo/Desktop/blog/server/node_modules/koa-router/lib/router.js:407:12)
    at dispatch (/Users/levicoo/Desktop/blog/server/node_modules/koa-router/node_modules/koa-compose/index.js:44:32)
    at next (/Users/levicoo/Desktop/blog/server/node_modules/koa-router/node_modules/koa-compose/index.js:45:18)
    at /Users/levicoo/Desktop/blog/server/node_modules/koa-router/lib/router.js:346:16
[2021-07-30T19:27:31.532] [ERROR] error - ReferenceError: consol is not defined
    at /Users/levicoo/Desktop/blog/server/routes/upload.js:46:5
    at dispatch (/Users/levicoo/Desktop/blog/server/node_modules/koa-router/node_modules/koa-compose/index.js:44:32)
    at next (/Users/levicoo/Desktop/blog/server/node_modules/koa-router/node_modules/koa-compose/index.js:45:18)
    at /Users/levicoo/Desktop/blog/server/node_modules/koa-router/lib/router.js:346:16
    at dispatch (/Users/levicoo/Desktop/blog/server/node_modules/koa-router/node_modules/koa-compose/index.js:44:32)
    at next (/Users/levicoo/Desktop/blog/server/node_modules/koa-router/node_modules/koa-compose/index.js:45:18)
    at allowedMethods (/Users/levicoo/Desktop/blog/server/node_modules/koa-router/lib/router.js:407:12)
    at dispatch (/Users/levicoo/Desktop/blog/server/node_modules/koa-router/node_modules/koa-compose/index.js:44:32)
    at next (/Users/levicoo/Desktop/blog/server/node_modules/koa-router/node_modules/koa-compose/index.js:45:18)
    at /Users/levicoo/Desktop/blog/server/node_modules/koa-router/lib/router.js:346:16
    at dispatch (/Users/levicoo/Desktop/blog/server/node_modules/koa-router/node_modules/koa-compose/index.js:44:32)
    at next (/Users/levicoo/Desktop/blog/server/node_modules/koa-router/node_modules/koa-compose/index.js:45:18)
    at allowedMethods (/Users/levicoo/Desktop/blog/server/node_modules/koa-router/lib/router.js:407:12)
    at dispatch (/Users/levicoo/Desktop/blog/server/node_modules/koa-router/node_modules/koa-compose/index.js:44:32)
    at next (/Users/levicoo/Desktop/blog/server/node_modules/koa-router/node_modules/koa-compose/index.js:45:18)
    at /Users/levicoo/Desktop/blog/server/node_modules/koa-router/lib/router.js:346:16
    at dispatch (/Users/levicoo/Desktop/blog/server/node_modules/koa-router/node_modules/koa-compose/index.js:44:32)
    at next (/Users/levicoo/Desktop/blog/server/node_modules/koa-router/node_modules/koa-compose/index.js:45:18)
    at allowedMethods (/Users/levicoo/Desktop/blog/server/node_modules/koa-router/lib/router.js:407:12)
    at dispatch (/Users/levicoo/Desktop/blog/server/node_modules/koa-router/node_modules/koa-compose/index.js:44:32)
    at next (/Users/levicoo/Desktop/blog/server/node_modules/koa-router/node_modules/koa-compose/index.js:45:18)
    at /Users/levicoo/Desktop/blog/server/node_modules/koa-router/lib/router.js:346:16
[2021-07-30T19:27:47.521] [ERROR] error - TypeError [ERR_INVALID_ARG_TYPE]: The "path" argument must be of type string. Received undefined
    at new NodeError (node:internal/errors:370:5)
    at validateString (node:internal/validators:119:11)
    at Object.basename (node:path:1309:5)
    at /Users/levicoo/Desktop/blog/server/routes/upload.js:47:27
    at dispatch (/Users/levicoo/Desktop/blog/server/node_modules/koa-router/node_modules/koa-compose/index.js:44:32)
    at next (/Users/levicoo/Desktop/blog/server/node_modules/koa-router/node_modules/koa-compose/index.js:45:18)
    at /Users/levicoo/Desktop/blog/server/node_modules/koa-router/lib/router.js:346:16
    at dispatch (/Users/levicoo/Desktop/blog/server/node_modules/koa-router/node_modules/koa-compose/index.js:44:32)
    at next (/Users/levicoo/Desktop/blog/server/node_modules/koa-router/node_modules/koa-compose/index.js:45:18)
    at allowedMethods (/Users/levicoo/Desktop/blog/server/node_modules/koa-router/lib/router.js:407:12)
    at dispatch (/Users/levicoo/Desktop/blog/server/node_modules/koa-router/node_modules/koa-compose/index.js:44:32)
    at next (/Users/levicoo/Desktop/blog/server/node_modules/koa-router/node_modules/koa-compose/index.js:45:18)
    at /Users/levicoo/Desktop/blog/server/node_modules/koa-router/lib/router.js:346:16
    at dispatch (/Users/levicoo/Desktop/blog/server/node_modules/koa-router/node_modules/koa-compose/index.js:44:32)
    at next (/Users/levicoo/Desktop/blog/server/node_modules/koa-router/node_modules/koa-compose/index.js:45:18)
    at allowedMethods (/Users/levicoo/Desktop/blog/server/node_modules/koa-router/lib/router.js:407:12)
    at dispatch (/Users/levicoo/Desktop/blog/server/node_modules/koa-router/node_modules/koa-compose/index.js:44:32)
    at next (/Users/levicoo/Desktop/blog/server/node_modules/koa-router/node_modules/koa-compose/index.js:45:18)
    at /Users/levicoo/Desktop/blog/server/node_modules/koa-router/lib/router.js:346:16
    at dispatch (/Users/levicoo/Desktop/blog/server/node_modules/koa-router/node_modules/koa-compose/index.js:44:32)
    at next (/Users/levicoo/Desktop/blog/server/node_modules/koa-router/node_modules/koa-compose/index.js:45:18)
    at allowedMethods (/Users/levicoo/Desktop/blog/server/node_modules/koa-router/lib/router.js:407:12)
[2021-07-30T19:28:31.014] [ERROR] error - UnsupportedMediaTypeError: specified encoding unsupported
    at getDecoder (/Users/levicoo/Desktop/blog/server/node_modules/raw-body/index.js:51:11)
    at readStream (/Users/levicoo/Desktop/blog/server/node_modules/raw-body/index.js:180:15)
    at executor (/Users/levicoo/Desktop/blog/server/node_modules/raw-body/index.js:112:5)
    at new Promise (<anonymous>)
    at getRawBody (/Users/levicoo/Desktop/blog/server/node_modules/raw-body/index.js:111:10)
    at /Users/levicoo/Desktop/blog/server/node_modules/koa-body/node_modules/co-body/lib/json.js:41:14
    at processTicksAndRejections (node:internal/process/task_queues:96:5)
    at async serve (/Users/levicoo/Desktop/blog/server/node_modules/koa-static/index.js:53:9)
    at async logger (/Users/levicoo/Desktop/blog/server/node_modules/koa-logger/index.js:67:7)
    at async cors (/Users/levicoo/Desktop/blog/server/node_modules/@koa/cors/index.js:98:16)
[2021-07-30T19:29:07.979] [ERROR] error - UnsupportedMediaTypeError: specified encoding unsupported
    at getDecoder (/Users/levicoo/Desktop/blog/server/node_modules/raw-body/index.js:51:11)
    at readStream (/Users/levicoo/Desktop/blog/server/node_modules/raw-body/index.js:180:15)
    at executor (/Users/levicoo/Desktop/blog/server/node_modules/raw-body/index.js:112:5)
    at new Promise (<anonymous>)
    at getRawBody (/Users/levicoo/Desktop/blog/server/node_modules/raw-body/index.js:111:10)
    at /Users/levicoo/Desktop/blog/server/node_modules/koa-body/node_modules/co-body/lib/json.js:41:14
    at processTicksAndRejections (node:internal/process/task_queues:96:5)
    at async serve (/Users/levicoo/Desktop/blog/server/node_modules/koa-static/index.js:53:9)
    at async logger (/Users/levicoo/Desktop/blog/server/node_modules/koa-logger/index.js:67:7)
    at async cors (/Users/levicoo/Desktop/blog/server/node_modules/@koa/cors/index.js:98:16)
[2021-07-30T19:29:36.860] [ERROR] error - UnsupportedMediaTypeError: specified encoding unsupported
    at getDecoder (/Users/levicoo/Desktop/blog/server/node_modules/raw-body/index.js:51:11)
    at readStream (/Users/levicoo/Desktop/blog/server/node_modules/raw-body/index.js:180:15)
    at executor (/Users/levicoo/Desktop/blog/server/node_modules/raw-body/index.js:112:5)
    at new Promise (<anonymous>)
    at getRawBody (/Users/levicoo/Desktop/blog/server/node_modules/raw-body/index.js:111:10)
    at /Users/levicoo/Desktop/blog/server/node_modules/koa-body/node_modules/co-body/lib/json.js:41:14
    at processTicksAndRejections (node:internal/process/task_queues:96:5)
    at async serve (/Users/levicoo/Desktop/blog/server/node_modules/koa-static/index.js:53:9)
    at async logger (/Users/levicoo/Desktop/blog/server/node_modules/koa-logger/index.js:67:7)
    at async cors (/Users/levicoo/Desktop/blog/server/node_modules/@koa/cors/index.js:98:16)
[2021-07-30T19:30:32.126] [ERROR] error - UnsupportedMediaTypeError: specified encoding unsupported
    at getDecoder (/Users/levicoo/Desktop/blog/server/node_modules/raw-body/index.js:51:11)
    at readStream (/Users/levicoo/Desktop/blog/server/node_modules/raw-body/index.js:180:15)
    at executor (/Users/levicoo/Desktop/blog/server/node_modules/raw-body/index.js:112:5)
    at new Promise (<anonymous>)
    at getRawBody (/Users/levicoo/Desktop/blog/server/node_modules/raw-body/index.js:111:10)
    at /Users/levicoo/Desktop/blog/server/node_modules/koa-body/node_modules/co-body/lib/json.js:41:14
    at processTicksAndRejections (node:internal/process/task_queues:96:5)
    at async serve (/Users/levicoo/Desktop/blog/server/node_modules/koa-static/index.js:53:9)
    at async logger (/Users/levicoo/Desktop/blog/server/node_modules/koa-logger/index.js:67:7)
    at async cors (/Users/levicoo/Desktop/blog/server/node_modules/@koa/cors/index.js:56:32)
[2021-07-30T19:31:08.046] [ERROR] error - UnsupportedMediaTypeError: specified encoding unsupported
    at getDecoder (/Users/levicoo/Desktop/blog/server/node_modules/raw-body/index.js:51:11)
    at readStream (/Users/levicoo/Desktop/blog/server/node_modules/raw-body/index.js:180:15)
    at executor (/Users/levicoo/Desktop/blog/server/node_modules/raw-body/index.js:112:5)
    at new Promise (<anonymous>)
    at getRawBody (/Users/levicoo/Desktop/blog/server/node_modules/raw-body/index.js:111:10)
    at /Users/levicoo/Desktop/blog/server/node_modules/koa-body/node_modules/co-body/lib/json.js:41:14
    at processTicksAndRejections (node:internal/process/task_queues:96:5)
    at async serve (/Users/levicoo/Desktop/blog/server/node_modules/koa-static/index.js:53:9)
    at async logger (/Users/levicoo/Desktop/blog/server/node_modules/koa-logger/index.js:67:7)
    at async cors (/Users/levicoo/Desktop/blog/server/node_modules/@koa/cors/index.js:56:32)
[2021-07-30T19:31:09.219] [ERROR] error - UnsupportedMediaTypeError: specified encoding unsupported
    at getDecoder (/Users/levicoo/Desktop/blog/server/node_modules/raw-body/index.js:51:11)
    at readStream (/Users/levicoo/Desktop/blog/server/node_modules/raw-body/index.js:180:15)
    at executor (/Users/levicoo/Desktop/blog/server/node_modules/raw-body/index.js:112:5)
    at new Promise (<anonymous>)
    at getRawBody (/Users/levicoo/Desktop/blog/server/node_modules/raw-body/index.js:111:10)
    at /Users/levicoo/Desktop/blog/server/node_modules/koa-body/node_modules/co-body/lib/json.js:41:14
    at processTicksAndRejections (node:internal/process/task_queues:96:5)
    at async serve (/Users/levicoo/Desktop/blog/server/node_modules/koa-static/index.js:53:9)
    at async logger (/Users/levicoo/Desktop/blog/server/node_modules/koa-logger/index.js:67:7)
    at async cors (/Users/levicoo/Desktop/blog/server/node_modules/@koa/cors/index.js:56:32)
[2021-07-30T19:31:43.667] [ERROR] error - UnsupportedMediaTypeError: specified encoding unsupported
    at getDecoder (/Users/levicoo/Desktop/blog/server/node_modules/raw-body/index.js:51:11)
    at readStream (/Users/levicoo/Desktop/blog/server/node_modules/raw-body/index.js:180:15)
    at executor (/Users/levicoo/Desktop/blog/server/node_modules/raw-body/index.js:112:5)
    at new Promise (<anonymous>)
    at getRawBody (/Users/levicoo/Desktop/blog/server/node_modules/raw-body/index.js:111:10)
    at /Users/levicoo/Desktop/blog/server/node_modules/koa-body/node_modules/co-body/lib/json.js:41:14
    at processTicksAndRejections (node:internal/process/task_queues:96:5)
    at async serve (/Users/levicoo/Desktop/blog/server/node_modules/koa-static/index.js:53:9)
    at async logger (/Users/levicoo/Desktop/blog/server/node_modules/koa-logger/index.js:67:7)
    at async cors (/Users/levicoo/Desktop/blog/server/node_modules/@koa/cors/index.js:56:32)
[2021-07-30T19:40:38.160] [ERROR] error - UnsupportedMediaTypeError: specified encoding unsupported
    at getDecoder (/Users/levicoo/Desktop/blog/server/node_modules/raw-body/index.js:51:11)
    at readStream (/Users/levicoo/Desktop/blog/server/node_modules/raw-body/index.js:180:15)
    at executor (/Users/levicoo/Desktop/blog/server/node_modules/raw-body/index.js:112:5)
    at new Promise (<anonymous>)
    at getRawBody (/Users/levicoo/Desktop/blog/server/node_modules/raw-body/index.js:111:10)
    at /Users/levicoo/Desktop/blog/server/node_modules/koa-body/node_modules/co-body/lib/json.js:41:14
    at processTicksAndRejections (node:internal/process/task_queues:96:5)
    at async serve (/Users/levicoo/Desktop/blog/server/node_modules/koa-static/index.js:53:9)
    at async logger (/Users/levicoo/Desktop/blog/server/node_modules/koa-logger/index.js:67:7)
    at async cors (/Users/levicoo/Desktop/blog/server/node_modules/@koa/cors/index.js:98:16)
[2021-07-30T21:26:35.767] [ERROR] error - TypeError: Assignment to constant variable.
    at /Users/levicoo/Desktop/blog/server/routes/articles.js:22:14
    at processTicksAndRejections (node:internal/process/task_queues:96:5)
    at async /Users/levicoo/Desktop/blog/server/app.js:70:3
    at async serve (/Users/levicoo/Desktop/blog/server/node_modules/koa-static/index.js:53:9)
    at async logger (/Users/levicoo/Desktop/blog/server/node_modules/koa-logger/index.js:67:7)
    at async cors (/Users/levicoo/Desktop/blog/server/node_modules/@koa/cors/index.js:98:16)
[2021-07-30T21:28:47.002] [ERROR] error - ReferenceError: res is not defined
    at /Users/levicoo/Desktop/blog/server/routes/articles.js:21:22
    at dispatch (/Users/levicoo/Desktop/blog/server/node_modules/koa-router/node_modules/koa-compose/index.js:44:32)
    at next (/Users/levicoo/Desktop/blog/server/node_modules/koa-router/node_modules/koa-compose/index.js:45:18)
    at /Users/levicoo/Desktop/blog/server/node_modules/koa-router/lib/router.js:346:16
    at dispatch (/Users/levicoo/Desktop/blog/server/node_modules/koa-router/node_modules/koa-compose/index.js:44:32)
    at next (/Users/levicoo/Desktop/blog/server/node_modules/koa-router/node_modules/koa-compose/index.js:45:18)
    at allowedMethods (/Users/levicoo/Desktop/blog/server/node_modules/koa-router/lib/router.js:407:12)
    at dispatch (/Users/levicoo/Desktop/blog/server/node_modules/koa-router/node_modules/koa-compose/index.js:44:32)
    at next (/Users/levicoo/Desktop/blog/server/node_modules/koa-router/node_modules/koa-compose/index.js:45:18)
    at /Users/levicoo/Desktop/blog/server/node_modules/koa-router/lib/router.js:346:16
    at dispatch (/Users/levicoo/Desktop/blog/server/node_modules/koa-router/node_modules/koa-compose/index.js:44:32)
    at next (/Users/levicoo/Desktop/blog/server/node_modules/koa-router/node_modules/koa-compose/index.js:45:18)
    at allowedMethods (/Users/levicoo/Desktop/blog/server/node_modules/koa-router/lib/router.js:407:12)
    at dispatch (/Users/levicoo/Desktop/blog/server/node_modules/koa-router/node_modules/koa-compose/index.js:44:32)
    at next (/Users/levicoo/Desktop/blog/server/node_modules/koa-router/node_modules/koa-compose/index.js:45:18)
    at /Users/levicoo/Desktop/blog/server/node_modules/koa-router/lib/router.js:346:16
    at dispatch (/Users/levicoo/Desktop/blog/server/node_modules/koa-router/node_modules/koa-compose/index.js:44:32)
    at next (/Users/levicoo/Desktop/blog/server/node_modules/koa-router/node_modules/koa-compose/index.js:45:18)
    at allowedMethods (/Users/levicoo/Desktop/blog/server/node_modules/koa-router/lib/router.js:407:12)
    at dispatch (/Users/levicoo/Desktop/blog/server/node_modules/koa-router/node_modules/koa-compose/index.js:44:32)
    at next (/Users/levicoo/Desktop/blog/server/node_modules/koa-router/node_modules/koa-compose/index.js:45:18)
    at /Users/levicoo/Desktop/blog/server/node_modules/koa-router/lib/router.js:346:16
[2021-07-30T21:29:27.117] [ERROR] error - ReferenceError: res is not defined
    at /Users/levicoo/Desktop/blog/server/routes/articles.js:39:29
    at dispatch (/Users/levicoo/Desktop/blog/server/node_modules/koa-router/node_modules/koa-compose/index.js:44:32)
    at next (/Users/levicoo/Desktop/blog/server/node_modules/koa-router/node_modules/koa-compose/index.js:45:18)
    at /Users/levicoo/Desktop/blog/server/node_modules/koa-router/lib/router.js:346:16
    at dispatch (/Users/levicoo/Desktop/blog/server/node_modules/koa-router/node_modules/koa-compose/index.js:44:32)
    at next (/Users/levicoo/Desktop/blog/server/node_modules/koa-router/node_modules/koa-compose/index.js:45:18)
    at allowedMethods (/Users/levicoo/Desktop/blog/server/node_modules/koa-router/lib/router.js:407:12)
    at dispatch (/Users/levicoo/Desktop/blog/server/node_modules/koa-router/node_modules/koa-compose/index.js:44:32)
    at next (/Users/levicoo/Desktop/blog/server/node_modules/koa-router/node_modules/koa-compose/index.js:45:18)
    at /Users/levicoo/Desktop/blog/server/node_modules/koa-router/lib/router.js:346:16
    at dispatch (/Users/levicoo/Desktop/blog/server/node_modules/koa-router/node_modules/koa-compose/index.js:44:32)
    at next (/Users/levicoo/Desktop/blog/server/node_modules/koa-router/node_modules/koa-compose/index.js:45:18)
    at allowedMethods (/Users/levicoo/Desktop/blog/server/node_modules/koa-router/lib/router.js:407:12)
    at dispatch (/Users/levicoo/Desktop/blog/server/node_modules/koa-router/node_modules/koa-compose/index.js:44:32)
    at next (/Users/levicoo/Desktop/blog/server/node_modules/koa-router/node_modules/koa-compose/index.js:45:18)
    at /Users/levicoo/Desktop/blog/server/node_modules/koa-router/lib/router.js:346:16
    at dispatch (/Users/levicoo/Desktop/blog/server/node_modules/koa-router/node_modules/koa-compose/index.js:44:32)
    at next (/Users/levicoo/Desktop/blog/server/node_modules/koa-router/node_modules/koa-compose/index.js:45:18)
    at allowedMethods (/Users/levicoo/Desktop/blog/server/node_modules/koa-router/lib/router.js:407:12)
    at dispatch (/Users/levicoo/Desktop/blog/server/node_modules/koa-router/node_modules/koa-compose/index.js:44:32)
    at next (/Users/levicoo/Desktop/blog/server/node_modules/koa-router/node_modules/koa-compose/index.js:45:18)
    at /Users/levicoo/Desktop/blog/server/node_modules/koa-router/lib/router.js:346:16
[2021-07-30T21:32:11.951] [ERROR] error - ReferenceError: sequence is not defined
    at /Users/levicoo/Desktop/blog/server/routes/articles.js:25:39
    at dispatch (/Users/levicoo/Desktop/blog/server/node_modules/koa-router/node_modules/koa-compose/index.js:44:32)
    at next (/Users/levicoo/Desktop/blog/server/node_modules/koa-router/node_modules/koa-compose/index.js:45:18)
    at /Users/levicoo/Desktop/blog/server/node_modules/koa-router/lib/router.js:346:16
    at dispatch (/Users/levicoo/Desktop/blog/server/node_modules/koa-router/node_modules/koa-compose/index.js:44:32)
    at next (/Users/levicoo/Desktop/blog/server/node_modules/koa-router/node_modules/koa-compose/index.js:45:18)
    at allowedMethods (/Users/levicoo/Desktop/blog/server/node_modules/koa-router/lib/router.js:407:12)
    at dispatch (/Users/levicoo/Desktop/blog/server/node_modules/koa-router/node_modules/koa-compose/index.js:44:32)
    at next (/Users/levicoo/Desktop/blog/server/node_modules/koa-router/node_modules/koa-compose/index.js:45:18)
    at /Users/levicoo/Desktop/blog/server/node_modules/koa-router/lib/router.js:346:16
    at dispatch (/Users/levicoo/Desktop/blog/server/node_modules/koa-router/node_modules/koa-compose/index.js:44:32)
    at next (/Users/levicoo/Desktop/blog/server/node_modules/koa-router/node_modules/koa-compose/index.js:45:18)
    at allowedMethods (/Users/levicoo/Desktop/blog/server/node_modules/koa-router/lib/router.js:407:12)
    at dispatch (/Users/levicoo/Desktop/blog/server/node_modules/koa-router/node_modules/koa-compose/index.js:44:32)
    at next (/Users/levicoo/Desktop/blog/server/node_modules/koa-router/node_modules/koa-compose/index.js:45:18)
    at /Users/levicoo/Desktop/blog/server/node_modules/koa-router/lib/router.js:346:16
    at dispatch (/Users/levicoo/Desktop/blog/server/node_modules/koa-router/node_modules/koa-compose/index.js:44:32)
    at next (/Users/levicoo/Desktop/blog/server/node_modules/koa-router/node_modules/koa-compose/index.js:45:18)
    at allowedMethods (/Users/levicoo/Desktop/blog/server/node_modules/koa-router/lib/router.js:407:12)
    at dispatch (/Users/levicoo/Desktop/blog/server/node_modules/koa-router/node_modules/koa-compose/index.js:44:32)
    at next (/Users/levicoo/Desktop/blog/server/node_modules/koa-router/node_modules/koa-compose/index.js:45:18)
    at /Users/levicoo/Desktop/blog/server/node_modules/koa-router/lib/router.js:346:16
[2021-07-30T21:32:13.128] [ERROR] error - ReferenceError: sequence is not defined
    at /Users/levicoo/Desktop/blog/server/routes/articles.js:25:39
    at dispatch (/Users/levicoo/Desktop/blog/server/node_modules/koa-router/node_modules/koa-compose/index.js:44:32)
    at next (/Users/levicoo/Desktop/blog/server/node_modules/koa-router/node_modules/koa-compose/index.js:45:18)
    at /Users/levicoo/Desktop/blog/server/node_modules/koa-router/lib/router.js:346:16
    at dispatch (/Users/levicoo/Desktop/blog/server/node_modules/koa-router/node_modules/koa-compose/index.js:44:32)
    at next (/Users/levicoo/Desktop/blog/server/node_modules/koa-router/node_modules/koa-compose/index.js:45:18)
    at allowedMethods (/Users/levicoo/Desktop/blog/server/node_modules/koa-router/lib/router.js:407:12)
    at dispatch (/Users/levicoo/Desktop/blog/server/node_modules/koa-router/node_modules/koa-compose/index.js:44:32)
    at next (/Users/levicoo/Desktop/blog/server/node_modules/koa-router/node_modules/koa-compose/index.js:45:18)
    at /Users/levicoo/Desktop/blog/server/node_modules/koa-router/lib/router.js:346:16
    at dispatch (/Users/levicoo/Desktop/blog/server/node_modules/koa-router/node_modules/koa-compose/index.js:44:32)
    at next (/Users/levicoo/Desktop/blog/server/node_modules/koa-router/node_modules/koa-compose/index.js:45:18)
    at allowedMethods (/Users/levicoo/Desktop/blog/server/node_modules/koa-router/lib/router.js:407:12)
    at dispatch (/Users/levicoo/Desktop/blog/server/node_modules/koa-router/node_modules/koa-compose/index.js:44:32)
    at next (/Users/levicoo/Desktop/blog/server/node_modules/koa-router/node_modules/koa-compose/index.js:45:18)
    at /Users/levicoo/Desktop/blog/server/node_modules/koa-router/lib/router.js:346:16
    at dispatch (/Users/levicoo/Desktop/blog/server/node_modules/koa-router/node_modules/koa-compose/index.js:44:32)
    at next (/Users/levicoo/Desktop/blog/server/node_modules/koa-router/node_modules/koa-compose/index.js:45:18)
    at allowedMethods (/Users/levicoo/Desktop/blog/server/node_modules/koa-router/lib/router.js:407:12)
    at dispatch (/Users/levicoo/Desktop/blog/server/node_modules/koa-router/node_modules/koa-compose/index.js:44:32)
    at next (/Users/levicoo/Desktop/blog/server/node_modules/koa-router/node_modules/koa-compose/index.js:45:18)
    at /Users/levicoo/Desktop/blog/server/node_modules/koa-router/lib/router.js:346:16
[2021-07-30T21:32:14.311] [ERROR] error - ReferenceError: sequence is not defined
    at /Users/levicoo/Desktop/blog/server/routes/articles.js:25:39
    at dispatch (/Users/levicoo/Desktop/blog/server/node_modules/koa-router/node_modules/koa-compose/index.js:44:32)
    at next (/Users/levicoo/Desktop/blog/server/node_modules/koa-router/node_modules/koa-compose/index.js:45:18)
    at /Users/levicoo/Desktop/blog/server/node_modules/koa-router/lib/router.js:346:16
    at dispatch (/Users/levicoo/Desktop/blog/server/node_modules/koa-router/node_modules/koa-compose/index.js:44:32)
    at next (/Users/levicoo/Desktop/blog/server/node_modules/koa-router/node_modules/koa-compose/index.js:45:18)
    at allowedMethods (/Users/levicoo/Desktop/blog/server/node_modules/koa-router/lib/router.js:407:12)
    at dispatch (/Users/levicoo/Desktop/blog/server/node_modules/koa-router/node_modules/koa-compose/index.js:44:32)
    at next (/Users/levicoo/Desktop/blog/server/node_modules/koa-router/node_modules/koa-compose/index.js:45:18)
    at /Users/levicoo/Desktop/blog/server/node_modules/koa-router/lib/router.js:346:16
    at dispatch (/Users/levicoo/Desktop/blog/server/node_modules/koa-router/node_modules/koa-compose/index.js:44:32)
    at next (/Users/levicoo/Desktop/blog/server/node_modules/koa-router/node_modules/koa-compose/index.js:45:18)
    at allowedMethods (/Users/levicoo/Desktop/blog/server/node_modules/koa-router/lib/router.js:407:12)
    at dispatch (/Users/levicoo/Desktop/blog/server/node_modules/koa-router/node_modules/koa-compose/index.js:44:32)
    at next (/Users/levicoo/Desktop/blog/server/node_modules/koa-router/node_modules/koa-compose/index.js:45:18)
    at /Users/levicoo/Desktop/blog/server/node_modules/koa-router/lib/router.js:346:16
    at dispatch (/Users/levicoo/Desktop/blog/server/node_modules/koa-router/node_modules/koa-compose/index.js:44:32)
    at next (/Users/levicoo/Desktop/blog/server/node_modules/koa-router/node_modules/koa-compose/index.js:45:18)
    at allowedMethods (/Users/levicoo/Desktop/blog/server/node_modules/koa-router/lib/router.js:407:12)
    at dispatch (/Users/levicoo/Desktop/blog/server/node_modules/koa-router/node_modules/koa-compose/index.js:44:32)
    at next (/Users/levicoo/Desktop/blog/server/node_modules/koa-router/node_modules/koa-compose/index.js:45:18)
    at /Users/levicoo/Desktop/blog/server/node_modules/koa-router/lib/router.js:346:16
[2021-07-30T21:34:21.321] [ERROR] error - ReferenceError: cosnole is not defined
    at /Users/levicoo/Desktop/blog/server/routes/articles.js:27:9
    at processTicksAndRejections (node:internal/process/task_queues:96:5)
    at async /Users/levicoo/Desktop/blog/server/app.js:70:3
    at async serve (/Users/levicoo/Desktop/blog/server/node_modules/koa-static/index.js:53:9)
    at async logger (/Users/levicoo/Desktop/blog/server/node_modules/koa-logger/index.js:67:7)
    at async cors (/Users/levicoo/Desktop/blog/server/node_modules/@koa/cors/index.js:98:16)
