[2021-07-23T18:43:00.627] [ERROR] error - ReferenceError: util is not defined
    at /Users/levicoo/Desktop/blog/server/app.js:38:18
    at async /Users/levicoo/Desktop/blog/server/app.js:35:3
    at async serve (/Users/levicoo/Desktop/blog/server/node_modules/koa-static/index.js:53:9)
    at async logger (/Users/levicoo/Desktop/blog/server/node_modules/koa-logger/index.js:67:7)
    at async bodyParser (/Users/levicoo/Desktop/blog/server/node_modules/koa-bodyparser/index.js:95:5)
    at async cors (/Users/levicoo/Desktop/blog/server/node_modules/@koa/cors/index.js:56:32)
[2021-07-23T18:43:01.898] [ERROR] error - ReferenceError: util is not defined
    at /Users/levicoo/Desktop/blog/server/app.js:38:18
    at async /Users/levicoo/Desktop/blog/server/app.js:35:3
    at async serve (/Users/levicoo/Desktop/blog/server/node_modules/koa-static/index.js:53:9)
    at async logger (/Users/levicoo/Desktop/blog/server/node_modules/koa-logger/index.js:67:7)
    at async bodyParser (/Users/levicoo/Desktop/blog/server/node_modules/koa-bodyparser/index.js:95:5)
    at async cors (/Users/levicoo/Desktop/blog/server/node_modules/@koa/cors/index.js:56:32)
[2021-07-23T18:43:03.292] [ERROR] error - ReferenceError: util is not defined
    at /Users/levicoo/Desktop/blog/server/app.js:38:18
    at async /Users/levicoo/Desktop/blog/server/app.js:35:3
    at async serve (/Users/levicoo/Desktop/blog/server/node_modules/koa-static/index.js:53:9)
    at async logger (/Users/levicoo/Desktop/blog/server/node_modules/koa-logger/index.js:67:7)
    at async bodyParser (/Users/levicoo/Desktop/blog/server/node_modules/koa-bodyparser/index.js:95:5)
    at async cors (/Users/levicoo/Desktop/blog/server/node_modules/@koa/cors/index.js:56:32)
[2021-07-23T21:03:16.481] [ERROR] error - ReferenceError: util is not defined
    at /Users/levicoo/Desktop/blog/server/app.js:39:18
    at async /Users/levicoo/Desktop/blog/server/app.js:36:3
    at async serve (/Users/levicoo/Desktop/blog/server/node_modules/koa-static/index.js:53:9)
    at async logger (/Users/levicoo/Desktop/blog/server/node_modules/koa-logger/index.js:67:7)
    at async bodyParser (/Users/levicoo/Desktop/blog/server/node_modules/koa-bodyparser/index.js:95:5)
    at async cors (/Users/levicoo/Desktop/blog/server/node_modules/@koa/cors/index.js:98:16)
[2021-07-23T21:03:18.736] [ERROR] error - ReferenceError: util is not defined
    at /Users/levicoo/Desktop/blog/server/app.js:39:18
    at async /Users/levicoo/Desktop/blog/server/app.js:36:3
    at async serve (/Users/levicoo/Desktop/blog/server/node_modules/koa-static/index.js:53:9)
    at async logger (/Users/levicoo/Desktop/blog/server/node_modules/koa-logger/index.js:67:7)
    at async bodyParser (/Users/levicoo/Desktop/blog/server/node_modules/koa-bodyparser/index.js:95:5)
    at async cors (/Users/levicoo/Desktop/blog/server/node_modules/@koa/cors/index.js:98:16)
[2021-07-23T21:26:19.838] [ERROR] error - ReferenceError: util is not defined
    at /Users/levicoo/Desktop/blog/server/routes/menu.js:4:16
    at dispatch (/Users/levicoo/Desktop/blog/server/node_modules/koa-router/node_modules/koa-compose/index.js:44:32)
    at next (/Users/levicoo/Desktop/blog/server/node_modules/koa-router/node_modules/koa-compose/index.js:45:18)
    at /Users/levicoo/Desktop/blog/server/node_modules/koa-router/lib/router.js:346:16
    at dispatch (/Users/levicoo/Desktop/blog/server/node_modules/koa-router/node_modules/koa-compose/index.js:44:32)
    at next (/Users/levicoo/Desktop/blog/server/node_modules/koa-router/node_modules/koa-compose/index.js:45:18)
    at allowedMethods (/Users/levicoo/Desktop/blog/server/node_modules/koa-router/lib/router.js:407:12)
    at dispatch (/Users/levicoo/Desktop/blog/server/node_modules/koa-router/node_modules/koa-compose/index.js:44:32)
    at next (/Users/levicoo/Desktop/blog/server/node_modules/koa-router/node_modules/koa-compose/index.js:45:18)
    at /Users/levicoo/Desktop/blog/server/node_modules/koa-router/lib/router.js:346:16
    at dispatch (/Users/levicoo/Desktop/blog/server/node_modules/koa-router/node_modules/koa-compose/index.js:44:32)
    at next (/Users/levicoo/Desktop/blog/server/node_modules/koa-router/node_modules/koa-compose/index.js:45:18)
    at allowedMethods (/Users/levicoo/Desktop/blog/server/node_modules/koa-router/lib/router.js:407:12)
    at dispatch (/Users/levicoo/Desktop/blog/server/node_modules/koa-router/node_modules/koa-compose/index.js:44:32)
    at next (/Users/levicoo/Desktop/blog/server/node_modules/koa-router/node_modules/koa-compose/index.js:45:18)
    at /Users/levicoo/Desktop/blog/server/node_modules/koa-router/lib/router.js:346:16
    at dispatch (/Users/levicoo/Desktop/blog/server/node_modules/koa-router/node_modules/koa-compose/index.js:44:32)
    at /Users/levicoo/Desktop/blog/server/node_modules/koa-router/node_modules/koa-compose/index.js:36:12
    at dispatch (/Users/levicoo/Desktop/blog/server/node_modules/koa-router/lib/router.js:351:31)
    at dispatch (/Users/levicoo/Desktop/blog/server/node_modules/koa-compose/index.js:42:32)
    at jwt (/Users/levicoo/Desktop/blog/server/node_modules/koa-jwt/lib/index.js:73:16)
    at async /Users/levicoo/Desktop/blog/server/app.js:37:3
[2021-07-23T21:26:42.701] [ERROR] error - ReferenceError: util is not defined
    at /Users/levicoo/Desktop/blog/server/routes/menu.js:4:16
    at dispatch (/Users/levicoo/Desktop/blog/server/node_modules/koa-router/node_modules/koa-compose/index.js:44:32)
    at next (/Users/levicoo/Desktop/blog/server/node_modules/koa-router/node_modules/koa-compose/index.js:45:18)
    at /Users/levicoo/Desktop/blog/server/node_modules/koa-router/lib/router.js:346:16
    at dispatch (/Users/levicoo/Desktop/blog/server/node_modules/koa-router/node_modules/koa-compose/index.js:44:32)
    at next (/Users/levicoo/Desktop/blog/server/node_modules/koa-router/node_modules/koa-compose/index.js:45:18)
    at allowedMethods (/Users/levicoo/Desktop/blog/server/node_modules/koa-router/lib/router.js:407:12)
    at dispatch (/Users/levicoo/Desktop/blog/server/node_modules/koa-router/node_modules/koa-compose/index.js:44:32)
    at next (/Users/levicoo/Desktop/blog/server/node_modules/koa-router/node_modules/koa-compose/index.js:45:18)
    at /Users/levicoo/Desktop/blog/server/node_modules/koa-router/lib/router.js:346:16
    at dispatch (/Users/levicoo/Desktop/blog/server/node_modules/koa-router/node_modules/koa-compose/index.js:44:32)
    at next (/Users/levicoo/Desktop/blog/server/node_modules/koa-router/node_modules/koa-compose/index.js:45:18)
    at allowedMethods (/Users/levicoo/Desktop/blog/server/node_modules/koa-router/lib/router.js:407:12)
    at dispatch (/Users/levicoo/Desktop/blog/server/node_modules/koa-router/node_modules/koa-compose/index.js:44:32)
    at next (/Users/levicoo/Desktop/blog/server/node_modules/koa-router/node_modules/koa-compose/index.js:45:18)
    at /Users/levicoo/Desktop/blog/server/node_modules/koa-router/lib/router.js:346:16
    at dispatch (/Users/levicoo/Desktop/blog/server/node_modules/koa-router/node_modules/koa-compose/index.js:44:32)
    at /Users/levicoo/Desktop/blog/server/node_modules/koa-router/node_modules/koa-compose/index.js:36:12
    at dispatch (/Users/levicoo/Desktop/blog/server/node_modules/koa-router/lib/router.js:351:31)
    at dispatch (/Users/levicoo/Desktop/blog/server/node_modules/koa-compose/index.js:42:32)
    at jwt (/Users/levicoo/Desktop/blog/server/node_modules/koa-jwt/lib/index.js:73:16)
    at async /Users/levicoo/Desktop/blog/server/app.js:37:3
