[2021-07-29T15:13:44.618] [ERROR] error - MulterError: Unexpected field
    at wrappedFileFilter (/Users/levicoo/Desktop/blog/server/node_modules/multer/index.js:40:19)
    at Busboy.<anonymous> (/Users/levicoo/Desktop/blog/server/node_modules/multer/lib/make-middleware.js:114:7)
    at Busboy.emit (node:events:394:28)
    at Busboy.emit (/Users/levicoo/Desktop/blog/server/node_modules/busboy/lib/main.js:38:33)
    at PartStream.<anonymous> (/Users/levicoo/Desktop/blog/server/node_modules/busboy/lib/types/multipart.js:213:13)
    at PartStream.emit (node:events:394:28)
    at HeaderParser.<anonymous> (/Users/levicoo/Desktop/blog/server/node_modules/dicer/lib/Dicer.js:51:16)
    at HeaderParser.emit (node:events:394:28)
    at HeaderParser._finish (/Users/levicoo/Desktop/blog/server/node_modules/dicer/lib/HeaderParser.js:68:8)
    at SBMH.<anonymous> (/Users/levicoo/Desktop/blog/server/node_modules/dicer/lib/HeaderParser.js:40:12)
    at SBMH.emit (node:events:394:28)
    at SBMH._sbmh_feed (/Users/levicoo/Desktop/blog/server/node_modules/streamsearch/lib/sbmh.js:159:14)
    at SBMH.push (/Users/levicoo/Desktop/blog/server/node_modules/streamsearch/lib/sbmh.js:56:14)
    at HeaderParser.push (/Users/levicoo/Desktop/blog/server/node_modules/dicer/lib/HeaderParser.js:46:19)
    at Dicer._oninfo (/Users/levicoo/Desktop/blog/server/node_modules/dicer/lib/Dicer.js:197:25)
    at SBMH.<anonymous> (/Users/levicoo/Desktop/blog/server/node_modules/dicer/lib/Dicer.js:127:10)
    at SBMH.emit (node:events:394:28)
    at SBMH._sbmh_feed (/Users/levicoo/Desktop/blog/server/node_modules/streamsearch/lib/sbmh.js:159:14)
    at SBMH.push (/Users/levicoo/Desktop/blog/server/node_modules/streamsearch/lib/sbmh.js:56:14)
    at Dicer._write (/Users/levicoo/Desktop/blog/server/node_modules/dicer/lib/Dicer.js:109:17)
    at writeOrBuffer (node:internal/streams/writable:389:12)
    at _write (node:internal/streams/writable:330:10)
[2021-07-29T15:14:54.145] [ERROR] error - MulterError: Unexpected field
    at wrappedFileFilter (/Users/levicoo/Desktop/blog/server/node_modules/multer/index.js:40:19)
    at Busboy.<anonymous> (/Users/levicoo/Desktop/blog/server/node_modules/multer/lib/make-middleware.js:114:7)
    at Busboy.emit (node:events:394:28)
    at Busboy.emit (/Users/levicoo/Desktop/blog/server/node_modules/busboy/lib/main.js:38:33)
    at PartStream.<anonymous> (/Users/levicoo/Desktop/blog/server/node_modules/busboy/lib/types/multipart.js:213:13)
    at PartStream.emit (node:events:394:28)
    at HeaderParser.<anonymous> (/Users/levicoo/Desktop/blog/server/node_modules/dicer/lib/Dicer.js:51:16)
    at HeaderParser.emit (node:events:394:28)
    at HeaderParser._finish (/Users/levicoo/Desktop/blog/server/node_modules/dicer/lib/HeaderParser.js:68:8)
    at SBMH.<anonymous> (/Users/levicoo/Desktop/blog/server/node_modules/dicer/lib/HeaderParser.js:40:12)
    at SBMH.emit (node:events:394:28)
    at SBMH._sbmh_feed (/Users/levicoo/Desktop/blog/server/node_modules/streamsearch/lib/sbmh.js:159:14)
    at SBMH.push (/Users/levicoo/Desktop/blog/server/node_modules/streamsearch/lib/sbmh.js:56:14)
    at HeaderParser.push (/Users/levicoo/Desktop/blog/server/node_modules/dicer/lib/HeaderParser.js:46:19)
    at Dicer._oninfo (/Users/levicoo/Desktop/blog/server/node_modules/dicer/lib/Dicer.js:197:25)
    at SBMH.<anonymous> (/Users/levicoo/Desktop/blog/server/node_modules/dicer/lib/Dicer.js:127:10)
    at SBMH.emit (node:events:394:28)
    at SBMH._sbmh_feed (/Users/levicoo/Desktop/blog/server/node_modules/streamsearch/lib/sbmh.js:159:14)
    at SBMH.push (/Users/levicoo/Desktop/blog/server/node_modules/streamsearch/lib/sbmh.js:56:14)
    at Dicer._write (/Users/levicoo/Desktop/blog/server/node_modules/dicer/lib/Dicer.js:109:17)
    at writeOrBuffer (node:internal/streams/writable:389:12)
    at _write (node:internal/streams/writable:330:10)
[2021-07-29T15:19:19.610] [ERROR] error - TypeError: Cannot destructure property 'filename' of 'ctx.file' as it is undefined.
    at /Users/levicoo/Desktop/blog/server/routes/upload.js:21:13
    at processTicksAndRejections (node:internal/process/task_queues:96:5)
    at async /Users/levicoo/Desktop/blog/server/app.js:42:3
    at async logger (/Users/levicoo/Desktop/blog/server/node_modules/koa-logger/index.js:67:7)
    at async bodyParser (/Users/levicoo/Desktop/blog/server/node_modules/koa-bodyparser/index.js:95:5)
    at async cors (/Users/levicoo/Desktop/blog/server/node_modules/@koa/cors/index.js:56:32)
[2021-07-29T15:19:38.329] [ERROR] error - TypeError: Cannot destructure property 'filename' of 'ctx.file' as it is undefined.
    at /Users/levicoo/Desktop/blog/server/routes/upload.js:21:13
    at processTicksAndRejections (node:internal/process/task_queues:96:5)
    at async /Users/levicoo/Desktop/blog/server/app.js:42:3
    at async logger (/Users/levicoo/Desktop/blog/server/node_modules/koa-logger/index.js:67:7)
    at async bodyParser (/Users/levicoo/Desktop/blog/server/node_modules/koa-bodyparser/index.js:95:5)
    at async cors (/Users/levicoo/Desktop/blog/server/node_modules/@koa/cors/index.js:56:32)
[2021-07-29T15:19:39.145] [ERROR] error - TypeError: Cannot destructure property 'filename' of 'ctx.file' as it is undefined.
    at /Users/levicoo/Desktop/blog/server/routes/upload.js:21:13
    at processTicksAndRejections (node:internal/process/task_queues:96:5)
    at async /Users/levicoo/Desktop/blog/server/app.js:42:3
    at async logger (/Users/levicoo/Desktop/blog/server/node_modules/koa-logger/index.js:67:7)
    at async bodyParser (/Users/levicoo/Desktop/blog/server/node_modules/koa-bodyparser/index.js:95:5)
    at async cors (/Users/levicoo/Desktop/blog/server/node_modules/@koa/cors/index.js:56:32)
[2021-07-29T15:19:50.431] [ERROR] error - MulterError: Unexpected field
    at wrappedFileFilter (/Users/levicoo/Desktop/blog/server/node_modules/multer/index.js:40:19)
    at Busboy.<anonymous> (/Users/levicoo/Desktop/blog/server/node_modules/multer/lib/make-middleware.js:114:7)
    at Busboy.emit (node:events:394:28)
    at Busboy.emit (/Users/levicoo/Desktop/blog/server/node_modules/busboy/lib/main.js:38:33)
    at PartStream.<anonymous> (/Users/levicoo/Desktop/blog/server/node_modules/busboy/lib/types/multipart.js:213:13)
    at PartStream.emit (node:events:394:28)
    at HeaderParser.<anonymous> (/Users/levicoo/Desktop/blog/server/node_modules/dicer/lib/Dicer.js:51:16)
    at HeaderParser.emit (node:events:394:28)
    at HeaderParser._finish (/Users/levicoo/Desktop/blog/server/node_modules/dicer/lib/HeaderParser.js:68:8)
    at SBMH.<anonymous> (/Users/levicoo/Desktop/blog/server/node_modules/dicer/lib/HeaderParser.js:40:12)
    at SBMH.emit (node:events:394:28)
    at SBMH._sbmh_feed (/Users/levicoo/Desktop/blog/server/node_modules/streamsearch/lib/sbmh.js:159:14)
    at SBMH.push (/Users/levicoo/Desktop/blog/server/node_modules/streamsearch/lib/sbmh.js:56:14)
    at HeaderParser.push (/Users/levicoo/Desktop/blog/server/node_modules/dicer/lib/HeaderParser.js:46:19)
    at Dicer._oninfo (/Users/levicoo/Desktop/blog/server/node_modules/dicer/lib/Dicer.js:197:25)
    at SBMH.<anonymous> (/Users/levicoo/Desktop/blog/server/node_modules/dicer/lib/Dicer.js:127:10)
    at SBMH.emit (node:events:394:28)
    at SBMH._sbmh_feed (/Users/levicoo/Desktop/blog/server/node_modules/streamsearch/lib/sbmh.js:159:14)
    at SBMH.push (/Users/levicoo/Desktop/blog/server/node_modules/streamsearch/lib/sbmh.js:56:14)
    at Dicer._write (/Users/levicoo/Desktop/blog/server/node_modules/dicer/lib/Dicer.js:109:17)
    at writeOrBuffer (node:internal/streams/writable:389:12)
    at _write (node:internal/streams/writable:330:10)
[2021-07-29T15:19:52.362] [ERROR] error - MulterError: Unexpected field
    at wrappedFileFilter (/Users/levicoo/Desktop/blog/server/node_modules/multer/index.js:40:19)
    at Busboy.<anonymous> (/Users/levicoo/Desktop/blog/server/node_modules/multer/lib/make-middleware.js:114:7)
    at Busboy.emit (node:events:394:28)
    at Busboy.emit (/Users/levicoo/Desktop/blog/server/node_modules/busboy/lib/main.js:38:33)
    at PartStream.<anonymous> (/Users/levicoo/Desktop/blog/server/node_modules/busboy/lib/types/multipart.js:213:13)
    at PartStream.emit (node:events:394:28)
    at HeaderParser.<anonymous> (/Users/levicoo/Desktop/blog/server/node_modules/dicer/lib/Dicer.js:51:16)
    at HeaderParser.emit (node:events:394:28)
    at HeaderParser._finish (/Users/levicoo/Desktop/blog/server/node_modules/dicer/lib/HeaderParser.js:68:8)
    at SBMH.<anonymous> (/Users/levicoo/Desktop/blog/server/node_modules/dicer/lib/HeaderParser.js:40:12)
    at SBMH.emit (node:events:394:28)
    at SBMH._sbmh_feed (/Users/levicoo/Desktop/blog/server/node_modules/streamsearch/lib/sbmh.js:95:16)
    at SBMH.push (/Users/levicoo/Desktop/blog/server/node_modules/streamsearch/lib/sbmh.js:56:14)
    at HeaderParser.push (/Users/levicoo/Desktop/blog/server/node_modules/dicer/lib/HeaderParser.js:46:19)
    at Dicer._oninfo (/Users/levicoo/Desktop/blog/server/node_modules/dicer/lib/Dicer.js:197:25)
    at SBMH.<anonymous> (/Users/levicoo/Desktop/blog/server/node_modules/dicer/lib/Dicer.js:127:10)
    at SBMH.emit (node:events:394:28)
    at SBMH._sbmh_feed (/Users/levicoo/Desktop/blog/server/node_modules/streamsearch/lib/sbmh.js:120:12)
    at SBMH.push (/Users/levicoo/Desktop/blog/server/node_modules/streamsearch/lib/sbmh.js:56:14)
    at Dicer._write (/Users/levicoo/Desktop/blog/server/node_modules/dicer/lib/Dicer.js:109:17)
    at writeOrBuffer (node:internal/streams/writable:389:12)
    at _write (node:internal/streams/writable:330:10)
[2021-07-29T15:22:34.016] [ERROR] error - TypeError: Cannot destructure property 'filename' of 'ctx.file' as it is undefined.
    at /Users/levicoo/Desktop/blog/server/routes/upload.js:21:13
    at processTicksAndRejections (node:internal/process/task_queues:96:5)
    at async /Users/levicoo/Desktop/blog/server/app.js:42:3
    at async logger (/Users/levicoo/Desktop/blog/server/node_modules/koa-logger/index.js:67:7)
    at async bodyParser (/Users/levicoo/Desktop/blog/server/node_modules/koa-bodyparser/index.js:95:5)
    at async cors (/Users/levicoo/Desktop/blog/server/node_modules/@koa/cors/index.js:56:32)
[2021-07-29T15:22:46.613] [ERROR] error - TypeError: Cannot destructure property 'filename' of 'ctx.file' as it is undefined.
    at /Users/levicoo/Desktop/blog/server/routes/upload.js:21:13
    at processTicksAndRejections (node:internal/process/task_queues:96:5)
    at async /Users/levicoo/Desktop/blog/server/app.js:42:3
    at async logger (/Users/levicoo/Desktop/blog/server/node_modules/koa-logger/index.js:67:7)
    at async bodyParser (/Users/levicoo/Desktop/blog/server/node_modules/koa-bodyparser/index.js:95:5)
    at async cors (/Users/levicoo/Desktop/blog/server/node_modules/@koa/cors/index.js:56:32)
[2021-07-29T15:23:04.647] [ERROR] error - MulterError: Unexpected field
    at wrappedFileFilter (/Users/levicoo/Desktop/blog/server/node_modules/multer/index.js:40:19)
    at Busboy.<anonymous> (/Users/levicoo/Desktop/blog/server/node_modules/multer/lib/make-middleware.js:114:7)
    at Busboy.emit (node:events:394:28)
    at Busboy.emit (/Users/levicoo/Desktop/blog/server/node_modules/busboy/lib/main.js:38:33)
    at PartStream.<anonymous> (/Users/levicoo/Desktop/blog/server/node_modules/busboy/lib/types/multipart.js:213:13)
    at PartStream.emit (node:events:394:28)
    at HeaderParser.<anonymous> (/Users/levicoo/Desktop/blog/server/node_modules/dicer/lib/Dicer.js:51:16)
    at HeaderParser.emit (node:events:394:28)
    at HeaderParser._finish (/Users/levicoo/Desktop/blog/server/node_modules/dicer/lib/HeaderParser.js:68:8)
    at SBMH.<anonymous> (/Users/levicoo/Desktop/blog/server/node_modules/dicer/lib/HeaderParser.js:40:12)
    at SBMH.emit (node:events:394:28)
    at SBMH._sbmh_feed (/Users/levicoo/Desktop/blog/server/node_modules/streamsearch/lib/sbmh.js:159:14)
    at SBMH.push (/Users/levicoo/Desktop/blog/server/node_modules/streamsearch/lib/sbmh.js:56:14)
    at HeaderParser.push (/Users/levicoo/Desktop/blog/server/node_modules/dicer/lib/HeaderParser.js:46:19)
    at Dicer._oninfo (/Users/levicoo/Desktop/blog/server/node_modules/dicer/lib/Dicer.js:197:25)
    at SBMH.<anonymous> (/Users/levicoo/Desktop/blog/server/node_modules/dicer/lib/Dicer.js:127:10)
    at SBMH.emit (node:events:394:28)
    at SBMH._sbmh_feed (/Users/levicoo/Desktop/blog/server/node_modules/streamsearch/lib/sbmh.js:159:14)
    at SBMH.push (/Users/levicoo/Desktop/blog/server/node_modules/streamsearch/lib/sbmh.js:56:14)
    at Dicer._write (/Users/levicoo/Desktop/blog/server/node_modules/dicer/lib/Dicer.js:109:17)
    at writeOrBuffer (node:internal/streams/writable:389:12)
    at _write (node:internal/streams/writable:330:10)
[2021-07-29T15:23:05.733] [ERROR] error - MulterError: Unexpected field
    at wrappedFileFilter (/Users/levicoo/Desktop/blog/server/node_modules/multer/index.js:40:19)
    at Busboy.<anonymous> (/Users/levicoo/Desktop/blog/server/node_modules/multer/lib/make-middleware.js:114:7)
    at Busboy.emit (node:events:394:28)
    at Busboy.emit (/Users/levicoo/Desktop/blog/server/node_modules/busboy/lib/main.js:38:33)
    at PartStream.<anonymous> (/Users/levicoo/Desktop/blog/server/node_modules/busboy/lib/types/multipart.js:213:13)
    at PartStream.emit (node:events:394:28)
    at HeaderParser.<anonymous> (/Users/levicoo/Desktop/blog/server/node_modules/dicer/lib/Dicer.js:51:16)
    at HeaderParser.emit (node:events:394:28)
    at HeaderParser._finish (/Users/levicoo/Desktop/blog/server/node_modules/dicer/lib/HeaderParser.js:68:8)
    at SBMH.<anonymous> (/Users/levicoo/Desktop/blog/server/node_modules/dicer/lib/HeaderParser.js:40:12)
    at SBMH.emit (node:events:394:28)
    at SBMH._sbmh_feed (/Users/levicoo/Desktop/blog/server/node_modules/streamsearch/lib/sbmh.js:95:16)
    at SBMH.push (/Users/levicoo/Desktop/blog/server/node_modules/streamsearch/lib/sbmh.js:56:14)
    at HeaderParser.push (/Users/levicoo/Desktop/blog/server/node_modules/dicer/lib/HeaderParser.js:46:19)
    at Dicer._oninfo (/Users/levicoo/Desktop/blog/server/node_modules/dicer/lib/Dicer.js:197:25)
    at SBMH.<anonymous> (/Users/levicoo/Desktop/blog/server/node_modules/dicer/lib/Dicer.js:127:10)
    at SBMH.emit (node:events:394:28)
    at SBMH._sbmh_feed (/Users/levicoo/Desktop/blog/server/node_modules/streamsearch/lib/sbmh.js:120:12)
    at SBMH.push (/Users/levicoo/Desktop/blog/server/node_modules/streamsearch/lib/sbmh.js:56:14)
    at Dicer._write (/Users/levicoo/Desktop/blog/server/node_modules/dicer/lib/Dicer.js:109:17)
    at writeOrBuffer (node:internal/streams/writable:389:12)
    at _write (node:internal/streams/writable:330:10)
[2021-07-29T15:26:30.393] [ERROR] error - Error: ENOENT: no such file or directory, open 'public/20210729/kids-3297107.png'
[2021-07-29T15:26:32.352] [ERROR] error - Error: ENOENT: no such file or directory, open 'public/20210729/kids-3297107.png'
[2021-07-29T15:27:17.051] [ERROR] error - MulterError: Unexpected field
    at wrappedFileFilter (/Users/levicoo/Desktop/blog/server/node_modules/multer/index.js:40:19)
    at Busboy.<anonymous> (/Users/levicoo/Desktop/blog/server/node_modules/multer/lib/make-middleware.js:114:7)
    at Busboy.emit (node:events:394:28)
    at Busboy.emit (/Users/levicoo/Desktop/blog/server/node_modules/busboy/lib/main.js:38:33)
    at PartStream.<anonymous> (/Users/levicoo/Desktop/blog/server/node_modules/busboy/lib/types/multipart.js:213:13)
    at PartStream.emit (node:events:394:28)
    at HeaderParser.<anonymous> (/Users/levicoo/Desktop/blog/server/node_modules/dicer/lib/Dicer.js:51:16)
    at HeaderParser.emit (node:events:394:28)
    at HeaderParser._finish (/Users/levicoo/Desktop/blog/server/node_modules/dicer/lib/HeaderParser.js:68:8)
    at SBMH.<anonymous> (/Users/levicoo/Desktop/blog/server/node_modules/dicer/lib/HeaderParser.js:40:12)
    at SBMH.emit (node:events:394:28)
    at SBMH._sbmh_feed (/Users/levicoo/Desktop/blog/server/node_modules/streamsearch/lib/sbmh.js:159:14)
    at SBMH.push (/Users/levicoo/Desktop/blog/server/node_modules/streamsearch/lib/sbmh.js:56:14)
    at HeaderParser.push (/Users/levicoo/Desktop/blog/server/node_modules/dicer/lib/HeaderParser.js:46:19)
    at Dicer._oninfo (/Users/levicoo/Desktop/blog/server/node_modules/dicer/lib/Dicer.js:197:25)
    at SBMH.<anonymous> (/Users/levicoo/Desktop/blog/server/node_modules/dicer/lib/Dicer.js:127:10)
    at SBMH.emit (node:events:394:28)
    at SBMH._sbmh_feed (/Users/levicoo/Desktop/blog/server/node_modules/streamsearch/lib/sbmh.js:159:14)
    at SBMH.push (/Users/levicoo/Desktop/blog/server/node_modules/streamsearch/lib/sbmh.js:56:14)
    at Dicer._write (/Users/levicoo/Desktop/blog/server/node_modules/dicer/lib/Dicer.js:109:17)
    at writeOrBuffer (node:internal/streams/writable:389:12)
    at _write (node:internal/streams/writable:330:10)
[2021-07-29T15:28:47.247] [ERROR] error - MulterError: Unexpected field
    at wrappedFileFilter (/Users/levicoo/Desktop/blog/server/node_modules/multer/index.js:40:19)
    at Busboy.<anonymous> (/Users/levicoo/Desktop/blog/server/node_modules/multer/lib/make-middleware.js:114:7)
    at Busboy.emit (node:events:394:28)
    at Busboy.emit (/Users/levicoo/Desktop/blog/server/node_modules/busboy/lib/main.js:38:33)
    at PartStream.<anonymous> (/Users/levicoo/Desktop/blog/server/node_modules/busboy/lib/types/multipart.js:213:13)
    at PartStream.emit (node:events:394:28)
    at HeaderParser.<anonymous> (/Users/levicoo/Desktop/blog/server/node_modules/dicer/lib/Dicer.js:51:16)
    at HeaderParser.emit (node:events:394:28)
    at HeaderParser._finish (/Users/levicoo/Desktop/blog/server/node_modules/dicer/lib/HeaderParser.js:68:8)
    at SBMH.<anonymous> (/Users/levicoo/Desktop/blog/server/node_modules/dicer/lib/HeaderParser.js:40:12)
    at SBMH.emit (node:events:394:28)
    at SBMH._sbmh_feed (/Users/levicoo/Desktop/blog/server/node_modules/streamsearch/lib/sbmh.js:159:14)
    at SBMH.push (/Users/levicoo/Desktop/blog/server/node_modules/streamsearch/lib/sbmh.js:56:14)
    at HeaderParser.push (/Users/levicoo/Desktop/blog/server/node_modules/dicer/lib/HeaderParser.js:46:19)
    at Dicer._oninfo (/Users/levicoo/Desktop/blog/server/node_modules/dicer/lib/Dicer.js:197:25)
    at SBMH.<anonymous> (/Users/levicoo/Desktop/blog/server/node_modules/dicer/lib/Dicer.js:127:10)
    at SBMH.emit (node:events:394:28)
    at SBMH._sbmh_feed (/Users/levicoo/Desktop/blog/server/node_modules/streamsearch/lib/sbmh.js:188:10)
    at SBMH.push (/Users/levicoo/Desktop/blog/server/node_modules/streamsearch/lib/sbmh.js:56:14)
    at Dicer._write (/Users/levicoo/Desktop/blog/server/node_modules/dicer/lib/Dicer.js:109:17)
    at writeOrBuffer (node:internal/streams/writable:389:12)
    at _write (node:internal/streams/writable:330:10)
[2021-07-29T15:28:48.371] [ERROR] error - MulterError: Unexpected field
    at wrappedFileFilter (/Users/levicoo/Desktop/blog/server/node_modules/multer/index.js:40:19)
    at Busboy.<anonymous> (/Users/levicoo/Desktop/blog/server/node_modules/multer/lib/make-middleware.js:114:7)
    at Busboy.emit (node:events:394:28)
    at Busboy.emit (/Users/levicoo/Desktop/blog/server/node_modules/busboy/lib/main.js:38:33)
    at PartStream.<anonymous> (/Users/levicoo/Desktop/blog/server/node_modules/busboy/lib/types/multipart.js:213:13)
    at PartStream.emit (node:events:394:28)
    at HeaderParser.<anonymous> (/Users/levicoo/Desktop/blog/server/node_modules/dicer/lib/Dicer.js:51:16)
    at HeaderParser.emit (node:events:394:28)
    at HeaderParser._finish (/Users/levicoo/Desktop/blog/server/node_modules/dicer/lib/HeaderParser.js:68:8)
    at SBMH.<anonymous> (/Users/levicoo/Desktop/blog/server/node_modules/dicer/lib/HeaderParser.js:40:12)
    at SBMH.emit (node:events:394:28)
    at SBMH._sbmh_feed (/Users/levicoo/Desktop/blog/server/node_modules/streamsearch/lib/sbmh.js:95:16)
    at SBMH.push (/Users/levicoo/Desktop/blog/server/node_modules/streamsearch/lib/sbmh.js:56:14)
    at HeaderParser.push (/Users/levicoo/Desktop/blog/server/node_modules/dicer/lib/HeaderParser.js:46:19)
    at Dicer._oninfo (/Users/levicoo/Desktop/blog/server/node_modules/dicer/lib/Dicer.js:197:25)
    at SBMH.<anonymous> (/Users/levicoo/Desktop/blog/server/node_modules/dicer/lib/Dicer.js:127:10)
    at SBMH.emit (node:events:394:28)
    at SBMH._sbmh_feed (/Users/levicoo/Desktop/blog/server/node_modules/streamsearch/lib/sbmh.js:120:12)
    at SBMH.push (/Users/levicoo/Desktop/blog/server/node_modules/streamsearch/lib/sbmh.js:56:14)
    at Dicer._write (/Users/levicoo/Desktop/blog/server/node_modules/dicer/lib/Dicer.js:109:17)
    at writeOrBuffer (node:internal/streams/writable:389:12)
    at _write (node:internal/streams/writable:330:10)
[2021-07-29T15:31:22.732] [ERROR] error - MulterError: Unexpected field
    at wrappedFileFilter (/Users/levicoo/Desktop/blog/server/node_modules/multer/index.js:40:19)
    at Busboy.<anonymous> (/Users/levicoo/Desktop/blog/server/node_modules/multer/lib/make-middleware.js:114:7)
    at Busboy.emit (node:events:394:28)
    at Busboy.emit (/Users/levicoo/Desktop/blog/server/node_modules/busboy/lib/main.js:38:33)
    at PartStream.<anonymous> (/Users/levicoo/Desktop/blog/server/node_modules/busboy/lib/types/multipart.js:213:13)
    at PartStream.emit (node:events:394:28)
    at HeaderParser.<anonymous> (/Users/levicoo/Desktop/blog/server/node_modules/dicer/lib/Dicer.js:51:16)
    at HeaderParser.emit (node:events:394:28)
    at HeaderParser._finish (/Users/levicoo/Desktop/blog/server/node_modules/dicer/lib/HeaderParser.js:68:8)
    at SBMH.<anonymous> (/Users/levicoo/Desktop/blog/server/node_modules/dicer/lib/HeaderParser.js:40:12)
    at SBMH.emit (node:events:394:28)
    at SBMH._sbmh_feed (/Users/levicoo/Desktop/blog/server/node_modules/streamsearch/lib/sbmh.js:159:14)
    at SBMH.push (/Users/levicoo/Desktop/blog/server/node_modules/streamsearch/lib/sbmh.js:56:14)
    at HeaderParser.push (/Users/levicoo/Desktop/blog/server/node_modules/dicer/lib/HeaderParser.js:46:19)
    at Dicer._oninfo (/Users/levicoo/Desktop/blog/server/node_modules/dicer/lib/Dicer.js:197:25)
    at SBMH.<anonymous> (/Users/levicoo/Desktop/blog/server/node_modules/dicer/lib/Dicer.js:127:10)
    at SBMH.emit (node:events:394:28)
    at SBMH._sbmh_feed (/Users/levicoo/Desktop/blog/server/node_modules/streamsearch/lib/sbmh.js:188:10)
    at SBMH.push (/Users/levicoo/Desktop/blog/server/node_modules/streamsearch/lib/sbmh.js:56:14)
    at Dicer._write (/Users/levicoo/Desktop/blog/server/node_modules/dicer/lib/Dicer.js:109:17)
    at writeOrBuffer (node:internal/streams/writable:389:12)
    at _write (node:internal/streams/writable:330:10)
[2021-07-29T15:34:53.368] [ERROR] error - MulterError: Unexpected field
    at wrappedFileFilter (/Users/levicoo/Desktop/blog/server/node_modules/multer/index.js:40:19)
    at Busboy.<anonymous> (/Users/levicoo/Desktop/blog/server/node_modules/multer/lib/make-middleware.js:114:7)
    at Busboy.emit (node:events:394:28)
    at Busboy.emit (/Users/levicoo/Desktop/blog/server/node_modules/busboy/lib/main.js:38:33)
    at PartStream.<anonymous> (/Users/levicoo/Desktop/blog/server/node_modules/busboy/lib/types/multipart.js:213:13)
    at PartStream.emit (node:events:394:28)
    at HeaderParser.<anonymous> (/Users/levicoo/Desktop/blog/server/node_modules/dicer/lib/Dicer.js:51:16)
    at HeaderParser.emit (node:events:394:28)
    at HeaderParser._finish (/Users/levicoo/Desktop/blog/server/node_modules/dicer/lib/HeaderParser.js:68:8)
    at SBMH.<anonymous> (/Users/levicoo/Desktop/blog/server/node_modules/dicer/lib/HeaderParser.js:40:12)
    at SBMH.emit (node:events:394:28)
    at SBMH._sbmh_feed (/Users/levicoo/Desktop/blog/server/node_modules/streamsearch/lib/sbmh.js:159:14)
    at SBMH.push (/Users/levicoo/Desktop/blog/server/node_modules/streamsearch/lib/sbmh.js:56:14)
    at HeaderParser.push (/Users/levicoo/Desktop/blog/server/node_modules/dicer/lib/HeaderParser.js:46:19)
    at Dicer._oninfo (/Users/levicoo/Desktop/blog/server/node_modules/dicer/lib/Dicer.js:197:25)
    at SBMH.<anonymous> (/Users/levicoo/Desktop/blog/server/node_modules/dicer/lib/Dicer.js:127:10)
    at SBMH.emit (node:events:394:28)
    at SBMH._sbmh_feed (/Users/levicoo/Desktop/blog/server/node_modules/streamsearch/lib/sbmh.js:159:14)
    at SBMH.push (/Users/levicoo/Desktop/blog/server/node_modules/streamsearch/lib/sbmh.js:56:14)
    at Dicer._write (/Users/levicoo/Desktop/blog/server/node_modules/dicer/lib/Dicer.js:109:17)
    at writeOrBuffer (node:internal/streams/writable:389:12)
    at _write (node:internal/streams/writable:330:10)
[2021-07-29T15:43:30.354] [ERROR] error - MulterError: Unexpected field
    at wrappedFileFilter (/Users/levicoo/Desktop/blog/server/node_modules/multer/index.js:40:19)
    at Busboy.<anonymous> (/Users/levicoo/Desktop/blog/server/node_modules/multer/lib/make-middleware.js:114:7)
    at Busboy.emit (node:events:394:28)
    at Busboy.emit (/Users/levicoo/Desktop/blog/server/node_modules/busboy/lib/main.js:38:33)
    at PartStream.<anonymous> (/Users/levicoo/Desktop/blog/server/node_modules/busboy/lib/types/multipart.js:213:13)
    at PartStream.emit (node:events:394:28)
    at HeaderParser.<anonymous> (/Users/levicoo/Desktop/blog/server/node_modules/dicer/lib/Dicer.js:51:16)
    at HeaderParser.emit (node:events:394:28)
    at HeaderParser._finish (/Users/levicoo/Desktop/blog/server/node_modules/dicer/lib/HeaderParser.js:68:8)
    at SBMH.<anonymous> (/Users/levicoo/Desktop/blog/server/node_modules/dicer/lib/HeaderParser.js:40:12)
    at SBMH.emit (node:events:394:28)
    at SBMH._sbmh_feed (/Users/levicoo/Desktop/blog/server/node_modules/streamsearch/lib/sbmh.js:159:14)
    at SBMH.push (/Users/levicoo/Desktop/blog/server/node_modules/streamsearch/lib/sbmh.js:56:14)
    at HeaderParser.push (/Users/levicoo/Desktop/blog/server/node_modules/dicer/lib/HeaderParser.js:46:19)
    at Dicer._oninfo (/Users/levicoo/Desktop/blog/server/node_modules/dicer/lib/Dicer.js:197:25)
    at SBMH.<anonymous> (/Users/levicoo/Desktop/blog/server/node_modules/dicer/lib/Dicer.js:127:10)
    at SBMH.emit (node:events:394:28)
    at SBMH._sbmh_feed (/Users/levicoo/Desktop/blog/server/node_modules/streamsearch/lib/sbmh.js:159:14)
    at SBMH.push (/Users/levicoo/Desktop/blog/server/node_modules/streamsearch/lib/sbmh.js:56:14)
    at Dicer._write (/Users/levicoo/Desktop/blog/server/node_modules/dicer/lib/Dicer.js:109:17)
    at writeOrBuffer (node:internal/streams/writable:389:12)
    at _write (node:internal/streams/writable:330:10)
[2021-07-29T15:46:40.168] [ERROR] error - MulterError: Unexpected field
    at wrappedFileFilter (/Users/levicoo/Desktop/blog/server/node_modules/multer/index.js:40:19)
    at Busboy.<anonymous> (/Users/levicoo/Desktop/blog/server/node_modules/multer/lib/make-middleware.js:114:7)
    at Busboy.emit (node:events:394:28)
    at Busboy.emit (/Users/levicoo/Desktop/blog/server/node_modules/busboy/lib/main.js:38:33)
    at PartStream.<anonymous> (/Users/levicoo/Desktop/blog/server/node_modules/busboy/lib/types/multipart.js:213:13)
    at PartStream.emit (node:events:394:28)
    at HeaderParser.<anonymous> (/Users/levicoo/Desktop/blog/server/node_modules/dicer/lib/Dicer.js:51:16)
    at HeaderParser.emit (node:events:394:28)
    at HeaderParser._finish (/Users/levicoo/Desktop/blog/server/node_modules/dicer/lib/HeaderParser.js:68:8)
    at SBMH.<anonymous> (/Users/levicoo/Desktop/blog/server/node_modules/dicer/lib/HeaderParser.js:40:12)
    at SBMH.emit (node:events:394:28)
    at SBMH._sbmh_feed (/Users/levicoo/Desktop/blog/server/node_modules/streamsearch/lib/sbmh.js:159:14)
    at SBMH.push (/Users/levicoo/Desktop/blog/server/node_modules/streamsearch/lib/sbmh.js:56:14)
    at HeaderParser.push (/Users/levicoo/Desktop/blog/server/node_modules/dicer/lib/HeaderParser.js:46:19)
    at Dicer._oninfo (/Users/levicoo/Desktop/blog/server/node_modules/dicer/lib/Dicer.js:197:25)
    at SBMH.<anonymous> (/Users/levicoo/Desktop/blog/server/node_modules/dicer/lib/Dicer.js:127:10)
    at SBMH.emit (node:events:394:28)
    at SBMH._sbmh_feed (/Users/levicoo/Desktop/blog/server/node_modules/streamsearch/lib/sbmh.js:159:14)
    at SBMH.push (/Users/levicoo/Desktop/blog/server/node_modules/streamsearch/lib/sbmh.js:56:14)
    at Dicer._write (/Users/levicoo/Desktop/blog/server/node_modules/dicer/lib/Dicer.js:109:17)
    at writeOrBuffer (node:internal/streams/writable:389:12)
    at _write (node:internal/streams/writable:330:10)
[2021-07-29T15:54:56.994] [ERROR] error - TypeError: Cannot read property 'path' of undefined
    at /Users/levicoo/Desktop/blog/server/routes/ppp.js:7:29
    at dispatch (/Users/levicoo/Desktop/blog/server/node_modules/koa-router/node_modules/koa-compose/index.js:44:32)
    at next (/Users/levicoo/Desktop/blog/server/node_modules/koa-router/node_modules/koa-compose/index.js:45:18)
    at /Users/levicoo/Desktop/blog/server/node_modules/koa-router/lib/router.js:346:16
    at dispatch (/Users/levicoo/Desktop/blog/server/node_modules/koa-router/node_modules/koa-compose/index.js:44:32)
    at next (/Users/levicoo/Desktop/blog/server/node_modules/koa-router/node_modules/koa-compose/index.js:45:18)
    at allowedMethods (/Users/levicoo/Desktop/blog/server/node_modules/koa-router/lib/router.js:407:12)
    at dispatch (/Users/levicoo/Desktop/blog/server/node_modules/koa-router/node_modules/koa-compose/index.js:44:32)
    at next (/Users/levicoo/Desktop/blog/server/node_modules/koa-router/node_modules/koa-compose/index.js:45:18)
    at /Users/levicoo/Desktop/blog/server/node_modules/koa-router/lib/router.js:346:16
    at dispatch (/Users/levicoo/Desktop/blog/server/node_modules/koa-router/node_modules/koa-compose/index.js:44:32)
    at next (/Users/levicoo/Desktop/blog/server/node_modules/koa-router/node_modules/koa-compose/index.js:45:18)
    at allowedMethods (/Users/levicoo/Desktop/blog/server/node_modules/koa-router/lib/router.js:407:12)
    at dispatch (/Users/levicoo/Desktop/blog/server/node_modules/koa-router/node_modules/koa-compose/index.js:44:32)
    at next (/Users/levicoo/Desktop/blog/server/node_modules/koa-router/node_modules/koa-compose/index.js:45:18)
    at /Users/levicoo/Desktop/blog/server/node_modules/koa-router/lib/router.js:346:16
    at dispatch (/Users/levicoo/Desktop/blog/server/node_modules/koa-router/node_modules/koa-compose/index.js:44:32)
    at next (/Users/levicoo/Desktop/blog/server/node_modules/koa-router/node_modules/koa-compose/index.js:45:18)
    at allowedMethods (/Users/levicoo/Desktop/blog/server/node_modules/koa-router/lib/router.js:407:12)
    at dispatch (/Users/levicoo/Desktop/blog/server/node_modules/koa-router/node_modules/koa-compose/index.js:44:32)
    at next (/Users/levicoo/Desktop/blog/server/node_modules/koa-router/node_modules/koa-compose/index.js:45:18)
    at /Users/levicoo/Desktop/blog/server/node_modules/koa-router/lib/router.js:346:16
[2021-07-29T20:08:21.092] [ERROR] error - TypeError: Cannot read property 'file' of undefined
    at /Users/levicoo/Desktop/blog/server/routes/ppp.js:19:34
    at dispatch (/Users/levicoo/Desktop/blog/server/node_modules/koa-router/node_modules/koa-compose/index.js:44:32)
    at next (/Users/levicoo/Desktop/blog/server/node_modules/koa-router/node_modules/koa-compose/index.js:45:18)
    at /Users/levicoo/Desktop/blog/server/node_modules/koa-router/lib/router.js:346:16
    at dispatch (/Users/levicoo/Desktop/blog/server/node_modules/koa-router/node_modules/koa-compose/index.js:44:32)
    at next (/Users/levicoo/Desktop/blog/server/node_modules/koa-router/node_modules/koa-compose/index.js:45:18)
    at allowedMethods (/Users/levicoo/Desktop/blog/server/node_modules/koa-router/lib/router.js:407:12)
    at dispatch (/Users/levicoo/Desktop/blog/server/node_modules/koa-router/node_modules/koa-compose/index.js:44:32)
    at next (/Users/levicoo/Desktop/blog/server/node_modules/koa-router/node_modules/koa-compose/index.js:45:18)
    at /Users/levicoo/Desktop/blog/server/node_modules/koa-router/lib/router.js:346:16
    at dispatch (/Users/levicoo/Desktop/blog/server/node_modules/koa-router/node_modules/koa-compose/index.js:44:32)
    at next (/Users/levicoo/Desktop/blog/server/node_modules/koa-router/node_modules/koa-compose/index.js:45:18)
    at allowedMethods (/Users/levicoo/Desktop/blog/server/node_modules/koa-router/lib/router.js:407:12)
    at dispatch (/Users/levicoo/Desktop/blog/server/node_modules/koa-router/node_modules/koa-compose/index.js:44:32)
    at next (/Users/levicoo/Desktop/blog/server/node_modules/koa-router/node_modules/koa-compose/index.js:45:18)
    at /Users/levicoo/Desktop/blog/server/node_modules/koa-router/lib/router.js:346:16
    at dispatch (/Users/levicoo/Desktop/blog/server/node_modules/koa-router/node_modules/koa-compose/index.js:44:32)
    at next (/Users/levicoo/Desktop/blog/server/node_modules/koa-router/node_modules/koa-compose/index.js:45:18)
    at allowedMethods (/Users/levicoo/Desktop/blog/server/node_modules/koa-router/lib/router.js:407:12)
    at dispatch (/Users/levicoo/Desktop/blog/server/node_modules/koa-router/node_modules/koa-compose/index.js:44:32)
    at next (/Users/levicoo/Desktop/blog/server/node_modules/koa-router/node_modules/koa-compose/index.js:45:18)
    at /Users/levicoo/Desktop/blog/server/node_modules/koa-router/lib/router.js:346:16
[2021-07-29T20:09:11.111] [ERROR] error - ReferenceError: file is not defined
    at /Users/levicoo/Desktop/blog/server/routes/ppp.js:20:22
    at dispatch (/Users/levicoo/Desktop/blog/server/node_modules/koa-router/node_modules/koa-compose/index.js:44:32)
    at next (/Users/levicoo/Desktop/blog/server/node_modules/koa-router/node_modules/koa-compose/index.js:45:18)
    at /Users/levicoo/Desktop/blog/server/node_modules/koa-router/lib/router.js:346:16
    at dispatch (/Users/levicoo/Desktop/blog/server/node_modules/koa-router/node_modules/koa-compose/index.js:44:32)
    at next (/Users/levicoo/Desktop/blog/server/node_modules/koa-router/node_modules/koa-compose/index.js:45:18)
    at allowedMethods (/Users/levicoo/Desktop/blog/server/node_modules/koa-router/lib/router.js:407:12)
    at dispatch (/Users/levicoo/Desktop/blog/server/node_modules/koa-router/node_modules/koa-compose/index.js:44:32)
    at next (/Users/levicoo/Desktop/blog/server/node_modules/koa-router/node_modules/koa-compose/index.js:45:18)
    at /Users/levicoo/Desktop/blog/server/node_modules/koa-router/lib/router.js:346:16
    at dispatch (/Users/levicoo/Desktop/blog/server/node_modules/koa-router/node_modules/koa-compose/index.js:44:32)
    at next (/Users/levicoo/Desktop/blog/server/node_modules/koa-router/node_modules/koa-compose/index.js:45:18)
    at allowedMethods (/Users/levicoo/Desktop/blog/server/node_modules/koa-router/lib/router.js:407:12)
    at dispatch (/Users/levicoo/Desktop/blog/server/node_modules/koa-router/node_modules/koa-compose/index.js:44:32)
    at next (/Users/levicoo/Desktop/blog/server/node_modules/koa-router/node_modules/koa-compose/index.js:45:18)
    at /Users/levicoo/Desktop/blog/server/node_modules/koa-router/lib/router.js:346:16
    at dispatch (/Users/levicoo/Desktop/blog/server/node_modules/koa-router/node_modules/koa-compose/index.js:44:32)
    at next (/Users/levicoo/Desktop/blog/server/node_modules/koa-router/node_modules/koa-compose/index.js:45:18)
    at allowedMethods (/Users/levicoo/Desktop/blog/server/node_modules/koa-router/lib/router.js:407:12)
    at dispatch (/Users/levicoo/Desktop/blog/server/node_modules/koa-router/node_modules/koa-compose/index.js:44:32)
    at next (/Users/levicoo/Desktop/blog/server/node_modules/koa-router/node_modules/koa-compose/index.js:45:18)
    at /Users/levicoo/Desktop/blog/server/node_modules/koa-router/lib/router.js:346:16
[2021-07-29T20:17:16.545] [ERROR] error - TypeError: Cannot read property 'file' of undefined
    at /Users/levicoo/Desktop/blog/server/routes/ppp.js:19:44
    at dispatch (/Users/levicoo/Desktop/blog/server/node_modules/koa-router/node_modules/koa-compose/index.js:44:32)
    at next (/Users/levicoo/Desktop/blog/server/node_modules/koa-router/node_modules/koa-compose/index.js:45:18)
    at /Users/levicoo/Desktop/blog/server/node_modules/koa-router/lib/router.js:346:16
    at dispatch (/Users/levicoo/Desktop/blog/server/node_modules/koa-router/node_modules/koa-compose/index.js:44:32)
    at next (/Users/levicoo/Desktop/blog/server/node_modules/koa-router/node_modules/koa-compose/index.js:45:18)
    at allowedMethods (/Users/levicoo/Desktop/blog/server/node_modules/koa-router/lib/router.js:407:12)
    at dispatch (/Users/levicoo/Desktop/blog/server/node_modules/koa-router/node_modules/koa-compose/index.js:44:32)
    at next (/Users/levicoo/Desktop/blog/server/node_modules/koa-router/node_modules/koa-compose/index.js:45:18)
    at /Users/levicoo/Desktop/blog/server/node_modules/koa-router/lib/router.js:346:16
    at dispatch (/Users/levicoo/Desktop/blog/server/node_modules/koa-router/node_modules/koa-compose/index.js:44:32)
    at next (/Users/levicoo/Desktop/blog/server/node_modules/koa-router/node_modules/koa-compose/index.js:45:18)
    at allowedMethods (/Users/levicoo/Desktop/blog/server/node_modules/koa-router/lib/router.js:407:12)
    at dispatch (/Users/levicoo/Desktop/blog/server/node_modules/koa-router/node_modules/koa-compose/index.js:44:32)
    at next (/Users/levicoo/Desktop/blog/server/node_modules/koa-router/node_modules/koa-compose/index.js:45:18)
    at /Users/levicoo/Desktop/blog/server/node_modules/koa-router/lib/router.js:346:16
    at dispatch (/Users/levicoo/Desktop/blog/server/node_modules/koa-router/node_modules/koa-compose/index.js:44:32)
    at next (/Users/levicoo/Desktop/blog/server/node_modules/koa-router/node_modules/koa-compose/index.js:45:18)
    at allowedMethods (/Users/levicoo/Desktop/blog/server/node_modules/koa-router/lib/router.js:407:12)
    at dispatch (/Users/levicoo/Desktop/blog/server/node_modules/koa-router/node_modules/koa-compose/index.js:44:32)
    at next (/Users/levicoo/Desktop/blog/server/node_modules/koa-router/node_modules/koa-compose/index.js:45:18)
    at /Users/levicoo/Desktop/blog/server/node_modules/koa-router/lib/router.js:346:16
[2021-07-29T20:26:38.557] [ERROR] error - TypeError: Cannot read property 'path' of undefined
    at /Users/levicoo/Desktop/blog/server/routes/ppp.js:4:27
    at dispatch (/Users/levicoo/Desktop/blog/server/node_modules/koa-router/node_modules/koa-compose/index.js:44:32)
    at next (/Users/levicoo/Desktop/blog/server/node_modules/koa-router/node_modules/koa-compose/index.js:45:18)
    at /Users/levicoo/Desktop/blog/server/node_modules/koa-router/lib/router.js:346:16
    at dispatch (/Users/levicoo/Desktop/blog/server/node_modules/koa-router/node_modules/koa-compose/index.js:44:32)
    at next (/Users/levicoo/Desktop/blog/server/node_modules/koa-router/node_modules/koa-compose/index.js:45:18)
    at allowedMethods (/Users/levicoo/Desktop/blog/server/node_modules/koa-router/lib/router.js:407:12)
    at dispatch (/Users/levicoo/Desktop/blog/server/node_modules/koa-router/node_modules/koa-compose/index.js:44:32)
    at next (/Users/levicoo/Desktop/blog/server/node_modules/koa-router/node_modules/koa-compose/index.js:45:18)
    at /Users/levicoo/Desktop/blog/server/node_modules/koa-router/lib/router.js:346:16
    at dispatch (/Users/levicoo/Desktop/blog/server/node_modules/koa-router/node_modules/koa-compose/index.js:44:32)
    at next (/Users/levicoo/Desktop/blog/server/node_modules/koa-router/node_modules/koa-compose/index.js:45:18)
    at allowedMethods (/Users/levicoo/Desktop/blog/server/node_modules/koa-router/lib/router.js:407:12)
    at dispatch (/Users/levicoo/Desktop/blog/server/node_modules/koa-router/node_modules/koa-compose/index.js:44:32)
    at next (/Users/levicoo/Desktop/blog/server/node_modules/koa-router/node_modules/koa-compose/index.js:45:18)
    at /Users/levicoo/Desktop/blog/server/node_modules/koa-router/lib/router.js:346:16
    at dispatch (/Users/levicoo/Desktop/blog/server/node_modules/koa-router/node_modules/koa-compose/index.js:44:32)
    at next (/Users/levicoo/Desktop/blog/server/node_modules/koa-router/node_modules/koa-compose/index.js:45:18)
    at allowedMethods (/Users/levicoo/Desktop/blog/server/node_modules/koa-router/lib/router.js:407:12)
    at dispatch (/Users/levicoo/Desktop/blog/server/node_modules/koa-router/node_modules/koa-compose/index.js:44:32)
    at next (/Users/levicoo/Desktop/blog/server/node_modules/koa-router/node_modules/koa-compose/index.js:45:18)
    at /Users/levicoo/Desktop/blog/server/node_modules/koa-router/lib/router.js:346:16
