[2021-07-28T15:30:54.749] [ERROR] error - MulterError: Unexpected field
    at wrappedFileFilter (/Users/levicoo/Desktop/blog/server/node_modules/multer/index.js:40:19)
    at Busboy.<anonymous> (/Users/levicoo/Desktop/blog/server/node_modules/multer/lib/make-middleware.js:114:7)
    at Busboy.emit (node:events:394:28)
    at Busboy.emit (/Users/levicoo/Desktop/blog/server/node_modules/busboy/lib/main.js:38:33)
    at PartStream.<anonymous> (/Users/levicoo/Desktop/blog/server/node_modules/busboy/lib/types/multipart.js:213:13)
    at PartStream.emit (node:events:394:28)
    at HeaderParser.<anonymous> (/Users/levicoo/Desktop/blog/server/node_modules/dicer/lib/Dicer.js:51:16)
    at HeaderParser.emit (node:events:394:28)
    at HeaderParser._finish (/Users/levicoo/Desktop/blog/server/node_modules/dicer/lib/HeaderParser.js:68:8)
    at SBMH.<anonymous> (/Users/levicoo/Desktop/blog/server/node_modules/dicer/lib/HeaderParser.js:40:12)
    at SBMH.emit (node:events:394:28)
    at SBMH._sbmh_feed (/Users/levicoo/Desktop/blog/server/node_modules/streamsearch/lib/sbmh.js:159:14)
    at SBMH.push (/Users/levicoo/Desktop/blog/server/node_modules/streamsearch/lib/sbmh.js:56:14)
    at HeaderParser.push (/Users/levicoo/Desktop/blog/server/node_modules/dicer/lib/HeaderParser.js:46:19)
    at Dicer._oninfo (/Users/levicoo/Desktop/blog/server/node_modules/dicer/lib/Dicer.js:197:25)
    at SBMH.<anonymous> (/Users/levicoo/Desktop/blog/server/node_modules/dicer/lib/Dicer.js:127:10)
    at SBMH.emit (node:events:394:28)
    at SBMH._sbmh_feed (/Users/levicoo/Desktop/blog/server/node_modules/streamsearch/lib/sbmh.js:159:14)
    at SBMH.push (/Users/levicoo/Desktop/blog/server/node_modules/streamsearch/lib/sbmh.js:56:14)
    at Dicer._write (/Users/levicoo/Desktop/blog/server/node_modules/dicer/lib/Dicer.js:109:17)
    at writeOrBuffer (node:internal/streams/writable:389:12)
    at _write (node:internal/streams/writable:330:10)
[2021-07-28T15:32:34.924] [ERROR] error - TypeError: Cannot destructure property 'filename' of 'ctx.file' as it is undefined.
    at /Users/levicoo/Desktop/blog/server/routes/upload.js:19:13
    at dispatch (/Users/levicoo/Desktop/blog/server/node_modules/koa-router/node_modules/koa-compose/index.js:44:32)
    at next (/Users/levicoo/Desktop/blog/server/node_modules/koa-router/node_modules/koa-compose/index.js:45:18)
    at /Users/levicoo/Desktop/blog/server/node_modules/@koa/multer/index.js:63:14
    at processTicksAndRejections (node:internal/process/task_queues:96:5)
    at async /Users/levicoo/Desktop/blog/server/app.js:42:3
[2021-07-28T16:43:51.275] [ERROR] error - TypeError: Cannot destructure property 'filename' of 'ctx.file' as it is undefined.
    at /Users/levicoo/Desktop/blog/server/routes/upload.js:19:13
    at dispatch (/Users/levicoo/Desktop/blog/server/node_modules/koa-router/node_modules/koa-compose/index.js:44:32)
    at next (/Users/levicoo/Desktop/blog/server/node_modules/koa-router/node_modules/koa-compose/index.js:45:18)
    at /Users/levicoo/Desktop/blog/server/node_modules/@koa/multer/index.js:63:14
    at runMicrotasks (<anonymous>)
    at processTicksAndRejections (node:internal/process/task_queues:96:5)
    at async /Users/levicoo/Desktop/blog/server/app.js:42:3
[2021-07-28T16:51:24.810] [ERROR] error - TypeError: Cannot destructure property 'filename' of 'ctx.file' as it is undefined.
    at /Users/levicoo/Desktop/blog/server/routes/upload.js:19:13
    at dispatch (/Users/levicoo/Desktop/blog/server/node_modules/koa-router/node_modules/koa-compose/index.js:44:32)
    at next (/Users/levicoo/Desktop/blog/server/node_modules/koa-router/node_modules/koa-compose/index.js:45:18)
    at /Users/levicoo/Desktop/blog/server/node_modules/@koa/multer/index.js:63:14
    at runMicrotasks (<anonymous>)
    at processTicksAndRejections (node:internal/process/task_queues:96:5)
    at async /Users/levicoo/Desktop/blog/server/app.js:42:3
[2021-07-28T16:54:57.269] [ERROR] error - TypeError: Cannot destructure property 'filename' of 'ctx.file' as it is undefined.
    at /Users/levicoo/Desktop/blog/server/routes/upload.js:19:13
    at dispatch (/Users/levicoo/Desktop/blog/server/node_modules/koa-router/node_modules/koa-compose/index.js:44:32)
    at next (/Users/levicoo/Desktop/blog/server/node_modules/koa-router/node_modules/koa-compose/index.js:45:18)
    at /Users/levicoo/Desktop/blog/server/node_modules/@koa/multer/index.js:63:14
    at runMicrotasks (<anonymous>)
    at processTicksAndRejections (node:internal/process/task_queues:96:5)
    at async /Users/levicoo/Desktop/blog/server/app.js:42:3
    at async logger (/Users/levicoo/Desktop/blog/server/node_modules/koa-logger/index.js:67:7)
    at async bodyParser (/Users/levicoo/Desktop/blog/server/node_modules/koa-bodyparser/index.js:95:5)
    at async cors (/Users/levicoo/Desktop/blog/server/node_modules/@koa/cors/index.js:98:16)
[2021-07-28T17:43:47.348] [ERROR] error - TypeError: Cannot destructure property 'filename' of 'ctx.file' as it is undefined.
    at /Users/levicoo/Desktop/blog/server/routes/upload.js:19:13
    at dispatch (/Users/levicoo/Desktop/blog/server/node_modules/koa-router/node_modules/koa-compose/index.js:44:32)
    at next (/Users/levicoo/Desktop/blog/server/node_modules/koa-router/node_modules/koa-compose/index.js:45:18)
    at /Users/levicoo/Desktop/blog/server/node_modules/@koa/multer/index.js:63:14
    at processTicksAndRejections (node:internal/process/task_queues:96:5)
    at async /Users/levicoo/Desktop/blog/server/app.js:42:3
[2021-07-28T17:49:40.483] [ERROR] error - TypeError: Cannot destructure property 'filename' of 'ctx.file' as it is undefined.
    at /Users/levicoo/Desktop/blog/server/routes/upload.js:19:13
    at dispatch (/Users/levicoo/Desktop/blog/server/node_modules/koa-router/node_modules/koa-compose/index.js:44:32)
    at next (/Users/levicoo/Desktop/blog/server/node_modules/koa-router/node_modules/koa-compose/index.js:45:18)
    at /Users/levicoo/Desktop/blog/server/node_modules/@koa/multer/index.js:63:14
    at runMicrotasks (<anonymous>)
    at processTicksAndRejections (node:internal/process/task_queues:96:5)
    at async /Users/levicoo/Desktop/blog/server/app.js:42:3
[2021-07-28T17:49:57.442] [ERROR] error - TypeError: Cannot destructure property 'filename' of 'ctx.file' as it is undefined.
    at /Users/levicoo/Desktop/blog/server/routes/upload.js:19:13
    at dispatch (/Users/levicoo/Desktop/blog/server/node_modules/koa-router/node_modules/koa-compose/index.js:44:32)
    at next (/Users/levicoo/Desktop/blog/server/node_modules/koa-router/node_modules/koa-compose/index.js:45:18)
    at /Users/levicoo/Desktop/blog/server/node_modules/@koa/multer/index.js:63:14
    at runMicrotasks (<anonymous>)
    at processTicksAndRejections (node:internal/process/task_queues:96:5)
    at async /Users/levicoo/Desktop/blog/server/app.js:42:3
[2021-07-28T17:53:44.745] [ERROR] error - TypeError: Cannot destructure property 'filename' of 'ctx.file' as it is undefined.
    at /Users/levicoo/Desktop/blog/server/routes/upload.js:20:13
    at dispatch (/Users/levicoo/Desktop/blog/server/node_modules/koa-router/node_modules/koa-compose/index.js:44:32)
    at next (/Users/levicoo/Desktop/blog/server/node_modules/koa-router/node_modules/koa-compose/index.js:45:18)
    at /Users/levicoo/Desktop/blog/server/node_modules/@koa/multer/index.js:63:14
    at processTicksAndRejections (node:internal/process/task_queues:96:5)
    at async /Users/levicoo/Desktop/blog/server/app.js:42:3
[2021-07-28T17:53:49.982] [ERROR] error - TypeError: Cannot destructure property 'filename' of 'ctx.file' as it is undefined.
    at /Users/levicoo/Desktop/blog/server/routes/upload.js:20:13
    at dispatch (/Users/levicoo/Desktop/blog/server/node_modules/koa-router/node_modules/koa-compose/index.js:44:32)
    at next (/Users/levicoo/Desktop/blog/server/node_modules/koa-router/node_modules/koa-compose/index.js:45:18)
    at /Users/levicoo/Desktop/blog/server/node_modules/@koa/multer/index.js:63:14
    at processTicksAndRejections (node:internal/process/task_queues:96:5)
    at async /Users/levicoo/Desktop/blog/server/app.js:42:3
[2021-07-28T17:53:53.947] [ERROR] error - TypeError: Cannot destructure property 'filename' of 'ctx.file' as it is undefined.
    at /Users/levicoo/Desktop/blog/server/routes/upload.js:20:13
    at dispatch (/Users/levicoo/Desktop/blog/server/node_modules/koa-router/node_modules/koa-compose/index.js:44:32)
    at next (/Users/levicoo/Desktop/blog/server/node_modules/koa-router/node_modules/koa-compose/index.js:45:18)
    at /Users/levicoo/Desktop/blog/server/node_modules/@koa/multer/index.js:63:14
    at processTicksAndRejections (node:internal/process/task_queues:96:5)
    at async /Users/levicoo/Desktop/blog/server/app.js:42:3
[2021-07-28T17:54:42.659] [ERROR] error - TypeError: Cannot destructure property 'filename' of 'ctx.file' as it is undefined.
    at /Users/levicoo/Desktop/blog/server/routes/upload.js:20:13
    at dispatch (/Users/levicoo/Desktop/blog/server/node_modules/koa-router/node_modules/koa-compose/index.js:44:32)
    at next (/Users/levicoo/Desktop/blog/server/node_modules/koa-router/node_modules/koa-compose/index.js:45:18)
    at /Users/levicoo/Desktop/blog/server/node_modules/@koa/multer/index.js:63:14
    at processTicksAndRejections (node:internal/process/task_queues:96:5)
    at async /Users/levicoo/Desktop/blog/server/app.js:42:3
[2021-07-28T17:55:13.656] [ERROR] error - TypeError: Cannot destructure property 'filename' of 'ctx.file' as it is undefined.
    at /Users/levicoo/Desktop/blog/server/routes/upload.js:20:13
    at dispatch (/Users/levicoo/Desktop/blog/server/node_modules/koa-router/node_modules/koa-compose/index.js:44:32)
    at next (/Users/levicoo/Desktop/blog/server/node_modules/koa-router/node_modules/koa-compose/index.js:45:18)
    at /Users/levicoo/Desktop/blog/server/node_modules/@koa/multer/index.js:63:14
    at processTicksAndRejections (node:internal/process/task_queues:96:5)
    at async /Users/levicoo/Desktop/blog/server/app.js:42:3
[2021-07-28T17:55:45.090] [ERROR] error - TypeError: Cannot destructure property 'filename' of 'ctx.file' as it is undefined.
    at /Users/levicoo/Desktop/blog/server/routes/upload.js:20:13
    at dispatch (/Users/levicoo/Desktop/blog/server/node_modules/koa-router/node_modules/koa-compose/index.js:44:32)
    at next (/Users/levicoo/Desktop/blog/server/node_modules/koa-router/node_modules/koa-compose/index.js:45:18)
    at /Users/levicoo/Desktop/blog/server/node_modules/@koa/multer/index.js:63:14
    at processTicksAndRejections (node:internal/process/task_queues:96:5)
    at async /Users/levicoo/Desktop/blog/server/app.js:42:3
[2021-07-28T17:56:26.548] [ERROR] error - TypeError: Cannot destructure property 'filename' of 'ctx.file' as it is undefined.
    at /Users/levicoo/Desktop/blog/server/routes/upload.js:20:13
    at dispatch (/Users/levicoo/Desktop/blog/server/node_modules/koa-router/node_modules/koa-compose/index.js:44:32)
    at next (/Users/levicoo/Desktop/blog/server/node_modules/koa-router/node_modules/koa-compose/index.js:45:18)
    at /Users/levicoo/Desktop/blog/server/node_modules/@koa/multer/index.js:63:14
    at processTicksAndRejections (node:internal/process/task_queues:96:5)
    at async /Users/levicoo/Desktop/blog/server/app.js:42:3
[2021-07-28T18:04:30.660] [ERROR] error - TypeError: Cannot destructure property 'filename' of 'ctx.file' as it is undefined.
    at /Users/levicoo/Desktop/blog/server/routes/upload.js:20:13
    at dispatch (/Users/levicoo/Desktop/blog/server/node_modules/koa-router/node_modules/koa-compose/index.js:44:32)
    at next (/Users/levicoo/Desktop/blog/server/node_modules/koa-router/node_modules/koa-compose/index.js:45:18)
    at /Users/levicoo/Desktop/blog/server/node_modules/@koa/multer/index.js:63:14
    at processTicksAndRejections (node:internal/process/task_queues:96:5)
    at async /Users/levicoo/Desktop/blog/server/app.js:42:3
[2021-07-28T18:04:34.553] [ERROR] error - TypeError: Cannot destructure property 'filename' of 'ctx.file' as it is undefined.
    at /Users/levicoo/Desktop/blog/server/routes/upload.js:20:13
    at dispatch (/Users/levicoo/Desktop/blog/server/node_modules/koa-router/node_modules/koa-compose/index.js:44:32)
    at next (/Users/levicoo/Desktop/blog/server/node_modules/koa-router/node_modules/koa-compose/index.js:45:18)
    at /Users/levicoo/Desktop/blog/server/node_modules/@koa/multer/index.js:63:14
    at processTicksAndRejections (node:internal/process/task_queues:96:5)
    at async /Users/levicoo/Desktop/blog/server/app.js:42:3
[2021-07-28T18:04:35.823] [ERROR] error - TypeError: Cannot destructure property 'filename' of 'ctx.file' as it is undefined.
    at /Users/levicoo/Desktop/blog/server/routes/upload.js:20:13
    at dispatch (/Users/levicoo/Desktop/blog/server/node_modules/koa-router/node_modules/koa-compose/index.js:44:32)
    at next (/Users/levicoo/Desktop/blog/server/node_modules/koa-router/node_modules/koa-compose/index.js:45:18)
    at /Users/levicoo/Desktop/blog/server/node_modules/@koa/multer/index.js:63:14
    at processTicksAndRejections (node:internal/process/task_queues:96:5)
    at async /Users/levicoo/Desktop/blog/server/app.js:42:3
[2021-07-28T18:04:43.532] [ERROR] error - TypeError: Cannot destructure property 'filename' of 'ctx.file' as it is undefined.
    at /Users/levicoo/Desktop/blog/server/routes/upload.js:20:13
    at dispatch (/Users/levicoo/Desktop/blog/server/node_modules/koa-router/node_modules/koa-compose/index.js:44:32)
    at next (/Users/levicoo/Desktop/blog/server/node_modules/koa-router/node_modules/koa-compose/index.js:45:18)
    at /Users/levicoo/Desktop/blog/server/node_modules/@koa/multer/index.js:63:14
    at processTicksAndRejections (node:internal/process/task_queues:96:5)
    at async /Users/levicoo/Desktop/blog/server/app.js:42:3
[2021-07-28T18:18:33.713] [ERROR] error - TypeError: Cannot destructure property 'filename' of 'ctx.file' as it is undefined.
    at /Users/levicoo/Desktop/blog/server/routes/upload.js:19:13
    at dispatch (/Users/levicoo/Desktop/blog/server/node_modules/koa-router/node_modules/koa-compose/index.js:44:32)
    at next (/Users/levicoo/Desktop/blog/server/node_modules/koa-router/node_modules/koa-compose/index.js:45:18)
    at /Users/levicoo/Desktop/blog/server/node_modules/@koa/multer/index.js:63:14
    at processTicksAndRejections (node:internal/process/task_queues:96:5)
    at async /Users/levicoo/Desktop/blog/server/app.js:42:3
[2021-07-28T18:21:21.270] [ERROR] error - TypeError: Cannot destructure property 'filename' of 'ctx.file' as it is undefined.
    at /Users/levicoo/Desktop/blog/server/routes/upload.js:19:13
    at dispatch (/Users/levicoo/Desktop/blog/server/node_modules/koa-router/node_modules/koa-compose/index.js:44:32)
    at next (/Users/levicoo/Desktop/blog/server/node_modules/koa-router/node_modules/koa-compose/index.js:45:18)
    at /Users/levicoo/Desktop/blog/server/node_modules/@koa/multer/index.js:63:14
    at processTicksAndRejections (node:internal/process/task_queues:96:5)
    at async /Users/levicoo/Desktop/blog/server/app.js:42:3
    at async logger (/Users/levicoo/Desktop/blog/server/node_modules/koa-logger/index.js:67:7)
    at async bodyParser (/Users/levicoo/Desktop/blog/server/node_modules/koa-bodyparser/index.js:95:5)
    at async cors (/Users/levicoo/Desktop/blog/server/node_modules/@koa/cors/index.js:98:16)
[2021-07-28T18:28:41.087] [ERROR] error - TypeError: Cannot destructure property 'filename' of 'ctx.file' as it is undefined.
    at /Users/levicoo/Desktop/blog/server/routes/upload.js:19:13
    at dispatch (/Users/levicoo/Desktop/blog/server/node_modules/koa-router/node_modules/koa-compose/index.js:44:32)
    at next (/Users/levicoo/Desktop/blog/server/node_modules/koa-router/node_modules/koa-compose/index.js:45:18)
    at /Users/levicoo/Desktop/blog/server/node_modules/@koa/multer/index.js:63:14
    at processTicksAndRejections (node:internal/process/task_queues:96:5)
    at async /Users/levicoo/Desktop/blog/server/app.js:42:3
    at async logger (/Users/levicoo/Desktop/blog/server/node_modules/koa-logger/index.js:67:7)
    at async bodyParser (/Users/levicoo/Desktop/blog/server/node_modules/koa-bodyparser/index.js:95:5)
    at async cors (/Users/levicoo/Desktop/blog/server/node_modules/@koa/cors/index.js:98:16)
[2021-07-28T18:29:21.009] [ERROR] error - TypeError: Cannot destructure property 'filename' of 'ctx.file' as it is undefined.
    at /Users/levicoo/Desktop/blog/server/routes/upload.js:20:13
    at dispatch (/Users/levicoo/Desktop/blog/server/node_modules/koa-router/node_modules/koa-compose/index.js:44:32)
    at next (/Users/levicoo/Desktop/blog/server/node_modules/koa-router/node_modules/koa-compose/index.js:45:18)
    at /Users/levicoo/Desktop/blog/server/node_modules/@koa/multer/index.js:63:14
    at processTicksAndRejections (node:internal/process/task_queues:96:5)
    at async /Users/levicoo/Desktop/blog/server/app.js:42:3
    at async logger (/Users/levicoo/Desktop/blog/server/node_modules/koa-logger/index.js:67:7)
    at async bodyParser (/Users/levicoo/Desktop/blog/server/node_modules/koa-bodyparser/index.js:95:5)
    at async cors (/Users/levicoo/Desktop/blog/server/node_modules/@koa/cors/index.js:98:16)
[2021-07-28T18:29:23.760] [ERROR] error - TypeError: Cannot destructure property 'filename' of 'ctx.file' as it is undefined.
    at /Users/levicoo/Desktop/blog/server/routes/upload.js:20:13
    at dispatch (/Users/levicoo/Desktop/blog/server/node_modules/koa-router/node_modules/koa-compose/index.js:44:32)
    at next (/Users/levicoo/Desktop/blog/server/node_modules/koa-router/node_modules/koa-compose/index.js:45:18)
    at /Users/levicoo/Desktop/blog/server/node_modules/@koa/multer/index.js:63:14
    at processTicksAndRejections (node:internal/process/task_queues:96:5)
    at async /Users/levicoo/Desktop/blog/server/app.js:42:3
    at async logger (/Users/levicoo/Desktop/blog/server/node_modules/koa-logger/index.js:67:7)
    at async bodyParser (/Users/levicoo/Desktop/blog/server/node_modules/koa-bodyparser/index.js:95:5)
    at async cors (/Users/levicoo/Desktop/blog/server/node_modules/@koa/cors/index.js:98:16)
[2021-07-28T18:29:24.464] [ERROR] error - TypeError: Cannot destructure property 'filename' of 'ctx.file' as it is undefined.
    at /Users/levicoo/Desktop/blog/server/routes/upload.js:20:13
    at dispatch (/Users/levicoo/Desktop/blog/server/node_modules/koa-router/node_modules/koa-compose/index.js:44:32)
    at next (/Users/levicoo/Desktop/blog/server/node_modules/koa-router/node_modules/koa-compose/index.js:45:18)
    at /Users/levicoo/Desktop/blog/server/node_modules/@koa/multer/index.js:63:14
    at processTicksAndRejections (node:internal/process/task_queues:96:5)
    at async /Users/levicoo/Desktop/blog/server/app.js:42:3
    at async logger (/Users/levicoo/Desktop/blog/server/node_modules/koa-logger/index.js:67:7)
    at async bodyParser (/Users/levicoo/Desktop/blog/server/node_modules/koa-bodyparser/index.js:95:5)
    at async cors (/Users/levicoo/Desktop/blog/server/node_modules/@koa/cors/index.js:98:16)
[2021-07-28T18:29:34.777] [ERROR] error - TypeError: Cannot destructure property 'filename' of 'ctx.file' as it is undefined.
    at /Users/levicoo/Desktop/blog/server/routes/upload.js:20:13
    at dispatch (/Users/levicoo/Desktop/blog/server/node_modules/koa-router/node_modules/koa-compose/index.js:44:32)
    at next (/Users/levicoo/Desktop/blog/server/node_modules/koa-router/node_modules/koa-compose/index.js:45:18)
    at /Users/levicoo/Desktop/blog/server/node_modules/@koa/multer/index.js:63:14
    at processTicksAndRejections (node:internal/process/task_queues:96:5)
    at async /Users/levicoo/Desktop/blog/server/app.js:42:3
    at async logger (/Users/levicoo/Desktop/blog/server/node_modules/koa-logger/index.js:67:7)
    at async bodyParser (/Users/levicoo/Desktop/blog/server/node_modules/koa-bodyparser/index.js:95:5)
    at async cors (/Users/levicoo/Desktop/blog/server/node_modules/@koa/cors/index.js:98:16)
[2021-07-28T18:29:48.352] [ERROR] error - TypeError: Cannot destructure property 'filename' of 'ctx.file' as it is undefined.
    at /Users/levicoo/Desktop/blog/server/routes/upload.js:20:13
    at dispatch (/Users/levicoo/Desktop/blog/server/node_modules/koa-router/node_modules/koa-compose/index.js:44:32)
    at next (/Users/levicoo/Desktop/blog/server/node_modules/koa-router/node_modules/koa-compose/index.js:45:18)
    at /Users/levicoo/Desktop/blog/server/node_modules/@koa/multer/index.js:63:14
    at processTicksAndRejections (node:internal/process/task_queues:96:5)
    at async /Users/levicoo/Desktop/blog/server/app.js:42:3
    at async logger (/Users/levicoo/Desktop/blog/server/node_modules/koa-logger/index.js:67:7)
    at async bodyParser (/Users/levicoo/Desktop/blog/server/node_modules/koa-bodyparser/index.js:95:5)
    at async cors (/Users/levicoo/Desktop/blog/server/node_modules/@koa/cors/index.js:98:16)
[2021-07-28T18:29:54.373] [ERROR] error - TypeError: Cannot destructure property 'filename' of 'ctx.file' as it is undefined.
    at /Users/levicoo/Desktop/blog/server/routes/upload.js:20:13
    at dispatch (/Users/levicoo/Desktop/blog/server/node_modules/koa-router/node_modules/koa-compose/index.js:44:32)
    at next (/Users/levicoo/Desktop/blog/server/node_modules/koa-router/node_modules/koa-compose/index.js:45:18)
    at /Users/levicoo/Desktop/blog/server/node_modules/@koa/multer/index.js:63:14
    at processTicksAndRejections (node:internal/process/task_queues:96:5)
    at async /Users/levicoo/Desktop/blog/server/app.js:42:3
    at async logger (/Users/levicoo/Desktop/blog/server/node_modules/koa-logger/index.js:67:7)
    at async bodyParser (/Users/levicoo/Desktop/blog/server/node_modules/koa-bodyparser/index.js:95:5)
    at async cors (/Users/levicoo/Desktop/blog/server/node_modules/@koa/cors/index.js:98:16)
[2021-07-28T18:29:55.298] [ERROR] error - TypeError: Cannot destructure property 'filename' of 'ctx.file' as it is undefined.
    at /Users/levicoo/Desktop/blog/server/routes/upload.js:20:13
    at dispatch (/Users/levicoo/Desktop/blog/server/node_modules/koa-router/node_modules/koa-compose/index.js:44:32)
    at next (/Users/levicoo/Desktop/blog/server/node_modules/koa-router/node_modules/koa-compose/index.js:45:18)
    at /Users/levicoo/Desktop/blog/server/node_modules/@koa/multer/index.js:63:14
    at processTicksAndRejections (node:internal/process/task_queues:96:5)
    at async /Users/levicoo/Desktop/blog/server/app.js:42:3
    at async logger (/Users/levicoo/Desktop/blog/server/node_modules/koa-logger/index.js:67:7)
    at async bodyParser (/Users/levicoo/Desktop/blog/server/node_modules/koa-bodyparser/index.js:95:5)
    at async cors (/Users/levicoo/Desktop/blog/server/node_modules/@koa/cors/index.js:98:16)
[2021-07-28T18:30:04.275] [ERROR] error - TypeError: Cannot destructure property 'filename' of 'ctx.file' as it is undefined.
    at /Users/levicoo/Desktop/blog/server/routes/upload.js:20:13
    at dispatch (/Users/levicoo/Desktop/blog/server/node_modules/koa-router/node_modules/koa-compose/index.js:44:32)
    at next (/Users/levicoo/Desktop/blog/server/node_modules/koa-router/node_modules/koa-compose/index.js:45:18)
    at /Users/levicoo/Desktop/blog/server/node_modules/@koa/multer/index.js:63:14
    at processTicksAndRejections (node:internal/process/task_queues:96:5)
    at async /Users/levicoo/Desktop/blog/server/app.js:42:3
    at async logger (/Users/levicoo/Desktop/blog/server/node_modules/koa-logger/index.js:67:7)
    at async bodyParser (/Users/levicoo/Desktop/blog/server/node_modules/koa-bodyparser/index.js:95:5)
    at async cors (/Users/levicoo/Desktop/blog/server/node_modules/@koa/cors/index.js:98:16)
[2021-07-28T18:30:16.228] [ERROR] error - TypeError: Cannot destructure property 'filename' of 'ctx.file' as it is undefined.
    at /Users/levicoo/Desktop/blog/server/routes/upload.js:20:13
    at dispatch (/Users/levicoo/Desktop/blog/server/node_modules/koa-router/node_modules/koa-compose/index.js:44:32)
    at next (/Users/levicoo/Desktop/blog/server/node_modules/koa-router/node_modules/koa-compose/index.js:45:18)
    at /Users/levicoo/Desktop/blog/server/node_modules/@koa/multer/index.js:63:14
    at processTicksAndRejections (node:internal/process/task_queues:96:5)
    at async /Users/levicoo/Desktop/blog/server/app.js:42:3
    at async logger (/Users/levicoo/Desktop/blog/server/node_modules/koa-logger/index.js:67:7)
    at async bodyParser (/Users/levicoo/Desktop/blog/server/node_modules/koa-bodyparser/index.js:95:5)
    at async cors (/Users/levicoo/Desktop/blog/server/node_modules/@koa/cors/index.js:98:16)
[2021-07-28T18:31:01.349] [ERROR] error - TypeError: Cannot destructure property 'filename' of 'ctx.file' as it is undefined.
    at /Users/levicoo/Desktop/blog/server/routes/upload.js:20:13
    at dispatch (/Users/levicoo/Desktop/blog/server/node_modules/koa-router/node_modules/koa-compose/index.js:44:32)
    at next (/Users/levicoo/Desktop/blog/server/node_modules/koa-router/node_modules/koa-compose/index.js:45:18)
    at /Users/levicoo/Desktop/blog/server/node_modules/@koa/multer/index.js:63:14
    at processTicksAndRejections (node:internal/process/task_queues:96:5)
    at async /Users/levicoo/Desktop/blog/server/app.js:42:3
    at async logger (/Users/levicoo/Desktop/blog/server/node_modules/koa-logger/index.js:67:7)
    at async bodyParser (/Users/levicoo/Desktop/blog/server/node_modules/koa-bodyparser/index.js:95:5)
    at async cors (/Users/levicoo/Desktop/blog/server/node_modules/@koa/cors/index.js:98:16)
[2021-07-28T18:33:21.591] [ERROR] error - TypeError: Cannot destructure property 'filename' of 'ctx.file' as it is undefined.
    at /Users/levicoo/Desktop/blog/server/routes/upload.js:20:13
    at dispatch (/Users/levicoo/Desktop/blog/server/node_modules/koa-router/node_modules/koa-compose/index.js:44:32)
    at next (/Users/levicoo/Desktop/blog/server/node_modules/koa-router/node_modules/koa-compose/index.js:45:18)
    at /Users/levicoo/Desktop/blog/server/node_modules/@koa/multer/index.js:63:14
    at processTicksAndRejections (node:internal/process/task_queues:96:5)
    at async /Users/levicoo/Desktop/blog/server/app.js:42:3
    at async logger (/Users/levicoo/Desktop/blog/server/node_modules/koa-logger/index.js:67:7)
    at async bodyParser (/Users/levicoo/Desktop/blog/server/node_modules/koa-bodyparser/index.js:95:5)
    at async cors (/Users/levicoo/Desktop/blog/server/node_modules/@koa/cors/index.js:98:16)
[2021-07-28T19:56:57.467] [ERROR] error - MulterError: Unexpected field
    at wrappedFileFilter (/Users/levicoo/Desktop/blog/server/node_modules/multer/index.js:40:19)
    at Busboy.<anonymous> (/Users/levicoo/Desktop/blog/server/node_modules/multer/lib/make-middleware.js:114:7)
    at Busboy.emit (node:events:394:28)
    at Busboy.emit (/Users/levicoo/Desktop/blog/server/node_modules/busboy/lib/main.js:38:33)
    at PartStream.<anonymous> (/Users/levicoo/Desktop/blog/server/node_modules/busboy/lib/types/multipart.js:213:13)
    at PartStream.emit (node:events:394:28)
    at HeaderParser.<anonymous> (/Users/levicoo/Desktop/blog/server/node_modules/dicer/lib/Dicer.js:51:16)
    at HeaderParser.emit (node:events:394:28)
    at HeaderParser._finish (/Users/levicoo/Desktop/blog/server/node_modules/dicer/lib/HeaderParser.js:68:8)
    at SBMH.<anonymous> (/Users/levicoo/Desktop/blog/server/node_modules/dicer/lib/HeaderParser.js:40:12)
    at SBMH.emit (node:events:394:28)
    at SBMH._sbmh_feed (/Users/levicoo/Desktop/blog/server/node_modules/streamsearch/lib/sbmh.js:159:14)
    at SBMH.push (/Users/levicoo/Desktop/blog/server/node_modules/streamsearch/lib/sbmh.js:56:14)
    at HeaderParser.push (/Users/levicoo/Desktop/blog/server/node_modules/dicer/lib/HeaderParser.js:46:19)
    at Dicer._oninfo (/Users/levicoo/Desktop/blog/server/node_modules/dicer/lib/Dicer.js:197:25)
    at SBMH.<anonymous> (/Users/levicoo/Desktop/blog/server/node_modules/dicer/lib/Dicer.js:127:10)
    at SBMH.emit (node:events:394:28)
    at SBMH._sbmh_feed (/Users/levicoo/Desktop/blog/server/node_modules/streamsearch/lib/sbmh.js:188:10)
    at SBMH.push (/Users/levicoo/Desktop/blog/server/node_modules/streamsearch/lib/sbmh.js:56:14)
    at Dicer._write (/Users/levicoo/Desktop/blog/server/node_modules/dicer/lib/Dicer.js:109:17)
    at writeOrBuffer (node:internal/streams/writable:389:12)
    at _write (node:internal/streams/writable:330:10)
[2021-07-28T20:17:10.793] [ERROR] error - MulterError: Unexpected field
    at wrappedFileFilter (/Users/levicoo/Desktop/blog/server/node_modules/multer/index.js:40:19)
    at Busboy.<anonymous> (/Users/levicoo/Desktop/blog/server/node_modules/multer/lib/make-middleware.js:114:7)
    at Busboy.emit (node:events:394:28)
    at Busboy.emit (/Users/levicoo/Desktop/blog/server/node_modules/busboy/lib/main.js:38:33)
    at PartStream.<anonymous> (/Users/levicoo/Desktop/blog/server/node_modules/busboy/lib/types/multipart.js:213:13)
    at PartStream.emit (node:events:394:28)
    at HeaderParser.<anonymous> (/Users/levicoo/Desktop/blog/server/node_modules/dicer/lib/Dicer.js:51:16)
    at HeaderParser.emit (node:events:394:28)
    at HeaderParser._finish (/Users/levicoo/Desktop/blog/server/node_modules/dicer/lib/HeaderParser.js:68:8)
    at SBMH.<anonymous> (/Users/levicoo/Desktop/blog/server/node_modules/dicer/lib/HeaderParser.js:40:12)
    at SBMH.emit (node:events:394:28)
    at SBMH._sbmh_feed (/Users/levicoo/Desktop/blog/server/node_modules/streamsearch/lib/sbmh.js:159:14)
    at SBMH.push (/Users/levicoo/Desktop/blog/server/node_modules/streamsearch/lib/sbmh.js:56:14)
    at HeaderParser.push (/Users/levicoo/Desktop/blog/server/node_modules/dicer/lib/HeaderParser.js:46:19)
    at Dicer._oninfo (/Users/levicoo/Desktop/blog/server/node_modules/dicer/lib/Dicer.js:197:25)
    at SBMH.<anonymous> (/Users/levicoo/Desktop/blog/server/node_modules/dicer/lib/Dicer.js:127:10)
    at SBMH.emit (node:events:394:28)
    at SBMH._sbmh_feed (/Users/levicoo/Desktop/blog/server/node_modules/streamsearch/lib/sbmh.js:159:14)
    at SBMH.push (/Users/levicoo/Desktop/blog/server/node_modules/streamsearch/lib/sbmh.js:56:14)
    at Dicer._write (/Users/levicoo/Desktop/blog/server/node_modules/dicer/lib/Dicer.js:109:17)
    at writeOrBuffer (node:internal/streams/writable:389:12)
    at _write (node:internal/streams/writable:330:10)
[2021-07-28T20:20:40.018] [ERROR] error - TypeError: Cannot destructure property 'filename' of 'ctx.file' as it is undefined.
    at /Users/levicoo/Desktop/blog/server/routes/upload.js:21:13
    at runMicrotasks (<anonymous>)
    at processTicksAndRejections (node:internal/process/task_queues:96:5)
    at async /Users/levicoo/Desktop/blog/server/app.js:42:3
    at async logger (/Users/levicoo/Desktop/blog/server/node_modules/koa-logger/index.js:67:7)
    at async bodyParser (/Users/levicoo/Desktop/blog/server/node_modules/koa-bodyparser/index.js:95:5)
    at async cors (/Users/levicoo/Desktop/blog/server/node_modules/@koa/cors/index.js:98:16)
[2021-07-28T20:20:41.943] [ERROR] error - TypeError: Cannot destructure property 'filename' of 'ctx.file' as it is undefined.
    at /Users/levicoo/Desktop/blog/server/routes/upload.js:21:13
    at runMicrotasks (<anonymous>)
    at processTicksAndRejections (node:internal/process/task_queues:96:5)
    at async /Users/levicoo/Desktop/blog/server/app.js:42:3
    at async logger (/Users/levicoo/Desktop/blog/server/node_modules/koa-logger/index.js:67:7)
    at async bodyParser (/Users/levicoo/Desktop/blog/server/node_modules/koa-bodyparser/index.js:95:5)
    at async cors (/Users/levicoo/Desktop/blog/server/node_modules/@koa/cors/index.js:98:16)
[2021-07-28T20:35:22.935] [ERROR] error - SyntaxError: Unexpected token } in JSON at position 13
    at JSON.parse (<anonymous>)
    at parse (/Users/levicoo/Desktop/blog/server/node_modules/co-body/lib/json.js:57:17)
    at AsyncFunction.module.exports [as json] (/Users/levicoo/Desktop/blog/server/node_modules/co-body/lib/json.js:41:20)
    at processTicksAndRejections (node:internal/process/task_queues:96:5)
    at async parseBody (/Users/levicoo/Desktop/blog/server/node_modules/koa-bodyparser/index.js:100:14)
    at async bodyParser (/Users/levicoo/Desktop/blog/server/node_modules/koa-bodyparser/index.js:85:19)
    at async cors (/Users/levicoo/Desktop/blog/server/node_modules/@koa/cors/index.js:56:32)
[2021-07-28T21:01:15.051] [ERROR] error - TypeError: Cannot destructure property 'filename' of 'ctx.file' as it is undefined.
    at /Users/levicoo/Desktop/blog/server/routes/upload.js:21:13
    at processTicksAndRejections (node:internal/process/task_queues:96:5)
    at async /Users/levicoo/Desktop/blog/server/app.js:42:3
    at async logger (/Users/levicoo/Desktop/blog/server/node_modules/koa-logger/index.js:67:7)
    at async bodyParser (/Users/levicoo/Desktop/blog/server/node_modules/koa-bodyparser/index.js:95:5)
    at async cors (/Users/levicoo/Desktop/blog/server/node_modules/@koa/cors/index.js:98:16)
[2021-07-28T21:01:18.910] [ERROR] error - TypeError: Cannot destructure property 'filename' of 'ctx.file' as it is undefined.
    at /Users/levicoo/Desktop/blog/server/routes/upload.js:21:13
    at processTicksAndRejections (node:internal/process/task_queues:96:5)
    at async /Users/levicoo/Desktop/blog/server/app.js:42:3
    at async logger (/Users/levicoo/Desktop/blog/server/node_modules/koa-logger/index.js:67:7)
    at async bodyParser (/Users/levicoo/Desktop/blog/server/node_modules/koa-bodyparser/index.js:95:5)
    at async cors (/Users/levicoo/Desktop/blog/server/node_modules/@koa/cors/index.js:98:16)
[2021-07-28T21:02:30.569] [ERROR] error - TypeError: Cannot destructure property 'filename' of 'ctx.file' as it is undefined.
    at /Users/levicoo/Desktop/blog/server/routes/upload.js:21:13
    at processTicksAndRejections (node:internal/process/task_queues:96:5)
    at async /Users/levicoo/Desktop/blog/server/app.js:42:3
    at async logger (/Users/levicoo/Desktop/blog/server/node_modules/koa-logger/index.js:67:7)
    at async bodyParser (/Users/levicoo/Desktop/blog/server/node_modules/koa-bodyparser/index.js:95:5)
    at async cors (/Users/levicoo/Desktop/blog/server/node_modules/@koa/cors/index.js:98:16)
